<?xml version="1.0" encoding="UTF-8"?>
<testsuite xmlns:xsi="http://www.w3.org/2001/XMLSchema-instance" xsi:noNamespaceSchemaLocation="https://maven.apache.org/surefire/maven-surefire-plugin/xsd/surefire-test-report.xsd" version="3.0.2" name="com.ehr_project.ehr.EhrApplicationTests" time="2.922" tests="1" errors="0" skipped="0" failures="0">
  <properties>
[...]
</properties>
  <testcase name="contextLoads" classname="com.ehr_project.ehr.EhrApplicationTests" time="0.266">
    <system-out><![CDATA[19:09:53.435 [main] INFO org.springframework.test.context.support.AnnotationConfigContextLoaderUtils -- Could not detect default configuration classes for test class [com.ehr_project.ehr.EhrApplicationTests]: EhrApplicationTests does not declare any static, non-private, non-final, nested classes annotated with @Configuration.
19:09:53.502 [main] INFO org.springframework.boot.test.context.SpringBootTestContextBootstrapper -- Found @SpringBootConfiguration com.ehr_project.ehr.EhrApplication for test class com.ehr_project.ehr.EhrApplicationTests
19:09:53.573 [main] INFO org.springframework.boot.devtools.restart.RestartApplicationListener -- Restart disabled due to context in which it is running

  .   ____          _            __ _ _
 /\\ / ___'_ __ _ _(_)_ __  __ _ \ \ \ \
( ( )\___ | '_ | '_| | '_ \/ _` | \ \ \ \
 \\/  ___)| |_)| | | | | || (_| |  ) ) ) )
  '  |____| .__|_| |_|_| |_\__, | / / / /
 =========|_|==============|___/=/_/_/_/

 :: Spring Boot ::                (v3.5.3)

2025-10-21T19:09:53.699-04:00  INFO 1361712 --- [ehr] [           main] c.ehr_project.ehr.EhrApplicationTests    : Starting EhrApplicationTests using Java 21.0.7 with PID 1361712 (started by chance in /home/chance/Desktop/coding_projects/EHR_project/ehr_spring_boot)
2025-10-21T19:09:53.699-04:00  INFO 1361712 --- [ehr] [           main] c.ehr_project.ehr.EhrApplicationTests    : No active profile set, falling back to 1 default profile: "default"
2025-10-21T19:09:53.720-04:00 DEBUG 1361712 --- [ehr] [           main] o.s.b.f.s.DefaultListableBeanFactory     : Creating shared instance of singleton bean 'org.springframework.context.annotation.internalConfigurationAnnotationProcessor'
2025-10-21T19:09:53.726-04:00 DEBUG 1361712 --- [ehr] [           main] o.s.b.f.s.DefaultListableBeanFactory     : Creating shared instance of singleton bean 'org.springframework.boot.autoconfigure.internalCachingMetadataReaderFactory'
2025-10-21T19:09:53.992-04:00  INFO 1361712 --- [ehr] [           main] .s.d.r.c.RepositoryConfigurationDelegate : Bootstrapping Spring Data JPA repositories in DEFAULT mode.
2025-10-21T19:09:53.998-04:00 DEBUG 1361712 --- [ehr] [           main] o.s.b.f.s.DefaultListableBeanFactory     : Creating shared instance of singleton bean 'org.springframework.boot.autoconfigure.AutoConfigurationPackages'
2025-10-21T19:09:54.019-04:00  INFO 1361712 --- [ehr] [           main] .s.d.r.c.RepositoryConfigurationDelegate : Finished Spring Data repository scanning in 23 ms. Found 3 JPA repository interfaces.
2025-10-21T19:09:54.074-04:00 DEBUG 1361712 --- [ehr] [           main] o.s.b.f.s.DefaultListableBeanFactory     : Creating shared instance of singleton bean 'springSecurityPathPatternParserBeanDefinitionRegistryPostProcessor'
2025-10-21T19:09:54.075-04:00 DEBUG 1361712 --- [ehr] [           main] o.s.b.f.s.DefaultListableBeanFactory     : Creating shared instance of singleton bean 'springSecurityHandlerMappingIntrospectorBeanDefinitionRegistryPostProcessor'
2025-10-21T19:09:54.131-04:00 DEBUG 1361712 --- [ehr] [           main] o.s.b.f.s.DefaultListableBeanFactory     : Creating shared instance of singleton bean 'propertySourcesPlaceholderConfigurer'
2025-10-21T19:09:54.134-04:00 DEBUG 1361712 --- [ehr] [           main] o.s.b.f.s.DefaultListableBeanFactory     : Creating shared instance of singleton bean 'org.springframework.boot.test.mock.mockito.MockitoPostProcessor'
2025-10-21T19:09:54.135-04:00 DEBUG 1361712 --- [ehr] [           main] o.s.b.f.s.DefaultListableBeanFactory     : Creating shared instance of singleton bean 'enableEncryptablePropertySourcesPostProcessor'
2025-10-21T19:09:54.141-04:00 DEBUG 1361712 --- [ehr] [           main] o.s.b.f.s.DefaultListableBeanFactory     : Creating shared instance of singleton bean 'encryptablePropertySourceConverter'
2025-10-21T19:09:54.142-04:00 DEBUG 1361712 --- [ehr] [           main] o.s.b.f.s.DefaultListableBeanFactory     : Creating shared instance of singleton bean 'lazyEncryptablePropertyResolver'
2025-10-21T19:09:54.142-04:00 DEBUG 1361712 --- [ehr] [           main] o.s.b.f.s.DefaultListableBeanFactory     : Creating shared instance of singleton bean 'com.ulisesbocchio.jasyptspringboot.configuration.EncryptablePropertyResolverConfiguration'
2025-10-21T19:09:54.143-04:00 DEBUG 1361712 --- [ehr] [           main] o.s.b.f.s.DefaultListableBeanFactory     : Creating shared instance of singleton bean 'lazyEncryptablePropertyDetector'
2025-10-21T19:09:54.144-04:00 DEBUG 1361712 --- [ehr] [           main] o.s.b.f.s.DefaultListableBeanFactory     : Creating shared instance of singleton bean 'envCopy'
2025-10-21T19:09:54.144-04:00 DEBUG 1361712 --- [ehr] [           main] o.s.b.f.s.DefaultListableBeanFactory     : Autowiring by type from bean name 'envCopy' via factory method to bean named 'environment'
2025-10-21T19:09:54.146-04:00 DEBUG 1361712 --- [ehr] [           main] o.s.b.f.s.DefaultListableBeanFactory     : Autowiring by type from bean name 'lazyEncryptablePropertyDetector' via factory method to bean named 'envCopy'
2025-10-21T19:09:54.147-04:00 DEBUG 1361712 --- [ehr] [           main] o.s.b.f.s.DefaultListableBeanFactory     : Autowiring by type from bean name 'lazyEncryptablePropertyDetector' via factory method to bean named 'org.springframework.beans.factory.support.DefaultListableBeanFactory@14151bc5'
2025-10-21T19:09:54.149-04:00 DEBUG 1361712 --- [ehr] [           main] o.s.b.f.s.DefaultListableBeanFactory     : Creating shared instance of singleton bean 'lazyJasyptStringEncryptor'
2025-10-21T19:09:54.149-04:00 DEBUG 1361712 --- [ehr] [           main] o.s.b.f.s.DefaultListableBeanFactory     : Autowiring by type from bean name 'lazyJasyptStringEncryptor' via factory method to bean named 'envCopy'
2025-10-21T19:09:54.149-04:00 DEBUG 1361712 --- [ehr] [           main] o.s.b.f.s.DefaultListableBeanFactory     : Autowiring by type from bean name 'lazyJasyptStringEncryptor' via factory method to bean named 'org.springframework.beans.factory.support.DefaultListableBeanFactory@14151bc5'
2025-10-21T19:09:54.151-04:00 DEBUG 1361712 --- [ehr] [           main] o.s.b.f.s.DefaultListableBeanFactory     : Autowiring by type from bean name 'lazyEncryptablePropertyResolver' via factory method to bean named 'lazyEncryptablePropertyDetector'
2025-10-21T19:09:54.151-04:00 DEBUG 1361712 --- [ehr] [           main] o.s.b.f.s.DefaultListableBeanFactory     : Autowiring by type from bean name 'lazyEncryptablePropertyResolver' via factory method to bean named 'lazyJasyptStringEncryptor'
2025-10-21T19:09:54.151-04:00 DEBUG 1361712 --- [ehr] [           main] o.s.b.f.s.DefaultListableBeanFactory     : Autowiring by type from bean name 'lazyEncryptablePropertyResolver' via factory method to bean named 'org.springframework.beans.factory.support.DefaultListableBeanFactory@14151bc5'
2025-10-21T19:09:54.151-04:00 DEBUG 1361712 --- [ehr] [           main] o.s.b.f.s.DefaultListableBeanFactory     : Autowiring by type from bean name 'lazyEncryptablePropertyResolver' via factory method to bean named 'envCopy'
2025-10-21T19:09:54.151-04:00 DEBUG 1361712 --- [ehr] [           main] o.s.b.f.s.DefaultListableBeanFactory     : Autowiring by type from bean name 'lazyEncryptablePropertyResolver' via factory method to bean named 'environment'
2025-10-21T19:09:54.153-04:00 DEBUG 1361712 --- [ehr] [           main] o.s.b.f.s.DefaultListableBeanFactory     : Creating shared instance of singleton bean 'lazyEncryptablePropertyFilter'
2025-10-21T19:09:54.153-04:00 DEBUG 1361712 --- [ehr] [           main] o.s.b.f.s.DefaultListableBeanFactory     : Autowiring by type from bean name 'lazyEncryptablePropertyFilter' via factory method to bean named 'envCopy'
2025-10-21T19:09:54.153-04:00 DEBUG 1361712 --- [ehr] [           main] o.s.b.f.s.DefaultListableBeanFactory     : Autowiring by type from bean name 'lazyEncryptablePropertyFilter' via factory method to bean named 'org.springframework.beans.factory.support.DefaultListableBeanFactory@14151bc5'
2025-10-21T19:09:54.154-04:00 DEBUG 1361712 --- [ehr] [           main] o.s.b.f.s.DefaultListableBeanFactory     : Autowiring by type from bean name 'encryptablePropertySourceConverter' via factory method to bean named 'environment'
2025-10-21T19:09:54.154-04:00 DEBUG 1361712 --- [ehr] [           main] o.s.b.f.s.DefaultListableBeanFactory     : Autowiring by type from bean name 'encryptablePropertySourceConverter' via factory method to bean named 'lazyEncryptablePropertyResolver'
2025-10-21T19:09:54.154-04:00 DEBUG 1361712 --- [ehr] [           main] o.s.b.f.s.DefaultListableBeanFactory     : Autowiring by type from bean name 'encryptablePropertySourceConverter' via factory method to bean named 'lazyEncryptablePropertyFilter'
2025-10-21T19:09:54.156-04:00 DEBUG 1361712 --- [ehr] [           main] o.s.b.f.s.DefaultListableBeanFactory     : Autowiring by type from bean name 'enableEncryptablePropertySourcesPostProcessor' via factory method to bean named 'environment'
2025-10-21T19:09:54.156-04:00 DEBUG 1361712 --- [ehr] [           main] o.s.b.f.s.DefaultListableBeanFactory     : Autowiring by type from bean name 'enableEncryptablePropertySourcesPostProcessor' via factory method to bean named 'encryptablePropertySourceConverter'
2025-10-21T19:09:54.157-04:00 DEBUG 1361712 --- [ehr] [           main] o.s.b.f.s.DefaultListableBeanFactory     : Creating shared instance of singleton bean 'emBeanDefinitionRegistrarPostProcessor'
2025-10-21T19:09:54.157-04:00 DEBUG 1361712 --- [ehr] [           main] o.s.b.f.s.DefaultListableBeanFactory     : Creating shared instance of singleton bean 'org.springframework.boot.sql.init.dependency.DatabaseInitializationDependencyConfigurer$DependsOnDatabaseInitializationPostProcessor'
2025-10-21T19:09:54.180-04:00  INFO 1361712 --- [ehr] [           main] ptablePropertiesBeanFactoryPostProcessor : Post-processing PropertySource instances
2025-10-21T19:09:54.180-04:00  INFO 1361712 --- [ehr] [           main] c.u.j.EncryptablePropertySourceConverter : Skipping PropertySource configurationProperties [class org.springframework.boot.context.properties.source.ConfigurationPropertySourcesPropertySource
2025-10-21T19:09:54.182-04:00  INFO 1361712 --- [ehr] [           main] c.u.j.EncryptablePropertySourceConverter : Converting PropertySource test [org.springframework.core.env.MapPropertySource] to EncryptableMapPropertySourceWrapper
2025-10-21T19:09:54.182-04:00  INFO 1361712 --- [ehr] [           main] c.u.j.EncryptablePropertySourceConverter : Converting PropertySource Inlined Test Properties [org.springframework.core.env.MapPropertySource] to EncryptableMapPropertySourceWrapper
2025-10-21T19:09:54.182-04:00  INFO 1361712 --- [ehr] [           main] c.u.j.EncryptablePropertySourceConverter : Skipping PropertySource servletConfigInitParams [class org.springframework.core.env.PropertySource$StubPropertySource
2025-10-21T19:09:54.182-04:00  INFO 1361712 --- [ehr] [           main] c.u.j.EncryptablePropertySourceConverter : Converting PropertySource servletContextInitParams [org.springframework.web.context.support.ServletContextPropertySource] to EncryptableEnumerablePropertySourceWrapper
2025-10-21T19:09:54.182-04:00  INFO 1361712 --- [ehr] [           main] c.u.j.EncryptablePropertySourceConverter : Converting PropertySource systemProperties [org.springframework.core.env.PropertiesPropertySource] to EncryptableMapPropertySourceWrapper
2025-10-21T19:09:54.182-04:00  INFO 1361712 --- [ehr] [           main] c.u.j.EncryptablePropertySourceConverter : Converting PropertySource systemEnvironment [org.springframework.boot.env.SystemEnvironmentPropertySourceEnvironmentPostProcessor$OriginAwareSystemEnvironmentPropertySource] to EncryptableSystemEnvironmentPropertySourceWrapper
2025-10-21T19:09:54.182-04:00  INFO 1361712 --- [ehr] [           main] c.u.j.EncryptablePropertySourceConverter : Converting PropertySource random [org.springframework.boot.env.RandomValuePropertySource] to EncryptablePropertySourceWrapper
2025-10-21T19:09:54.183-04:00  INFO 1361712 --- [ehr] [           main] c.u.j.EncryptablePropertySourceConverter : Converting PropertySource env [me.paulschwarz.springdotenv.DotenvPropertySource] to EncryptablePropertySourceWrapper
2025-10-21T19:09:54.183-04:00  INFO 1361712 --- [ehr] [           main] c.u.j.EncryptablePropertySourceConverter : Converting PropertySource Config resource 'class path resource [application.properties]' via location 'optional:classpath:/' [org.springframework.boot.env.OriginTrackedMapPropertySource] to EncryptableMapPropertySourceWrapper
2025-10-21T19:09:54.183-04:00  INFO 1361712 --- [ehr] [           main] c.u.j.EncryptablePropertySourceConverter : Converting PropertySource applicationInfo [org.springframework.boot.ApplicationInfoPropertySource] to EncryptableMapPropertySourceWrapper
2025-10-21T19:09:54.191-04:00 DEBUG 1361712 --- [ehr] [           main] o.s.b.f.s.DefaultListableBeanFactory     : Creating shared instance of singleton bean 'org.springframework.context.event.internalEventListenerProcessor'
2025-10-21T19:09:54.192-04:00 DEBUG 1361712 --- [ehr] [           main] o.s.b.f.s.DefaultListableBeanFactory     : Creating shared instance of singleton bean 'conversionServicePostProcessor'
2025-10-21T19:09:54.196-04:00 DEBUG 1361712 --- [ehr] [           main] o.s.b.f.s.DefaultListableBeanFactory     : Creating shared instance of singleton bean 'bootstrapExecutorAliasPostProcessor'
2025-10-21T19:09:54.196-04:00 DEBUG 1361712 --- [ehr] [           main] o.s.b.f.s.DefaultListableBeanFactory     : Creating shared instance of singleton bean 'preserveErrorControllerTargetClassPostProcessor'
2025-10-21T19:09:54.197-04:00 DEBUG 1361712 --- [ehr] [           main] o.s.b.f.s.DefaultListableBeanFactory     : Creating shared instance of singleton bean 'org.springframework.context.event.internalEventListenerFactory'
2025-10-21T19:09:54.197-04:00 DEBUG 1361712 --- [ehr] [           main] o.s.b.f.s.DefaultListableBeanFactory     : Creating shared instance of singleton bean 'org.springframework.transaction.config.internalTransactionalEventListenerFactory'
2025-10-21T19:09:54.204-04:00 DEBUG 1361712 --- [ehr] [           main] o.s.b.f.s.DefaultListableBeanFactory     : Creating shared instance of singleton bean 'org.springframework.boot.test.mock.mockito.MockitoPostProcessor$SpyPostProcessor'
2025-10-21T19:09:54.205-04:00 DEBUG 1361712 --- [ehr] [           main] o.s.b.f.s.DefaultListableBeanFactory     : Creating shared instance of singleton bean 'org.springframework.context.annotation.internalAutowiredAnnotationProcessor'
2025-10-21T19:09:54.206-04:00 DEBUG 1361712 --- [ehr] [           main] o.s.b.f.s.DefaultListableBeanFactory     : Creating shared instance of singleton bean 'org.springframework.context.annotation.internalCommonAnnotationProcessor'
2025-10-21T19:09:54.212-04:00 DEBUG 1361712 --- [ehr] [           main] o.s.b.f.s.DefaultListableBeanFactory     : Creating shared instance of singleton bean 'org.springframework.context.annotation.internalPersistenceAnnotationProcessor'
2025-10-21T19:09:54.213-04:00 DEBUG 1361712 --- [ehr] [           main] o.s.b.f.s.DefaultListableBeanFactory     : Creating shared instance of singleton bean 'org.springframework.boot.context.properties.ConfigurationPropertiesBindingPostProcessor'
2025-10-21T19:09:54.214-04:00 DEBUG 1361712 --- [ehr] [           main] o.s.b.f.s.DefaultListableBeanFactory     : Creating shared instance of singleton bean 'org.springframework.boot.context.internalConfigurationPropertiesBinder'
2025-10-21T19:09:54.219-04:00 DEBUG 1361712 --- [ehr] [           main] o.s.b.f.s.DefaultListableBeanFactory     : Creating shared instance of singleton bean 'jdbcConnectionDetailsHikariBeanPostProcessor'
2025-10-21T19:09:54.223-04:00 DEBUG 1361712 --- [ehr] [           main] o.s.b.f.s.DefaultListableBeanFactory     : Creating shared instance of singleton bean 'org.springframework.aop.config.internalAutoProxyCreator'
2025-10-21T19:09:54.244-04:00 DEBUG 1361712 --- [ehr] [           main] o.s.b.f.s.DefaultListableBeanFactory     : Creating shared instance of singleton bean 'persistenceExceptionTranslationPostProcessor'
2025-10-21T19:09:54.245-04:00 DEBUG 1361712 --- [ehr] [           main] o.s.b.f.s.DefaultListableBeanFactory     : Autowiring by type from bean name 'persistenceExceptionTranslationPostProcessor' via factory method to bean named 'environment'
2025-10-21T19:09:54.251-04:00 DEBUG 1361712 --- [ehr] [           main] o.s.b.f.s.DefaultListableBeanFactory     : Creating shared instance of singleton bean 'webServerFactoryCustomizerBeanPostProcessor'
2025-10-21T19:09:54.252-04:00 DEBUG 1361712 --- [ehr] [           main] o.s.b.f.s.DefaultListableBeanFactory     : Creating shared instance of singleton bean 'errorPageRegistrarBeanPostProcessor'
2025-10-21T19:09:54.253-04:00 DEBUG 1361712 --- [ehr] [           main] o.s.b.f.s.DefaultListableBeanFactory     : Creating shared instance of singleton bean 'projectingArgumentResolverBeanPostProcessor'
2025-10-21T19:09:54.255-04:00 DEBUG 1361712 --- [ehr] [           main] o.s.b.f.s.DefaultListableBeanFactory     : Creating shared instance of singleton bean 'org.springframework.transaction.config.internalTransactionAdvisor'
2025-10-21T19:09:54.255-04:00 DEBUG 1361712 --- [ehr] [           main] o.s.b.f.s.DefaultListableBeanFactory     : Creating shared instance of singleton bean 'org.springframework.transaction.annotation.ProxyTransactionManagementConfiguration'
2025-10-21T19:09:54.265-04:00 DEBUG 1361712 --- [ehr] [           main] o.s.b.f.s.DefaultListableBeanFactory     : Creating shared instance of singleton bean 'transactionAttributeSource'
2025-10-21T19:09:54.266-04:00 DEBUG 1361712 --- [ehr] [           main] o.s.b.f.s.DefaultListableBeanFactory     : Creating shared instance of singleton bean 'transactionInterceptor'
2025-10-21T19:09:54.266-04:00 DEBUG 1361712 --- [ehr] [           main] o.s.b.f.s.DefaultListableBeanFactory     : Autowiring by type from bean name 'transactionInterceptor' via factory method to bean named 'transactionAttributeSource'
2025-10-21T19:09:54.270-04:00 DEBUG 1361712 --- [ehr] [           main] o.s.b.f.s.DefaultListableBeanFactory     : Autowiring by type from bean name 'org.springframework.transaction.config.internalTransactionAdvisor' via factory method to bean named 'transactionAttributeSource'
2025-10-21T19:09:54.270-04:00 DEBUG 1361712 --- [ehr] [           main] o.s.b.f.s.DefaultListableBeanFactory     : Autowiring by type from bean name 'org.springframework.transaction.config.internalTransactionAdvisor' via factory method to bean named 'transactionInterceptor'
2025-10-21T19:09:54.281-04:00 DEBUG 1361712 --- [ehr] [           main] o.s.b.f.s.DefaultListableBeanFactory     : Creating shared instance of singleton bean 'applicationTaskExecutor'
2025-10-21T19:09:54.281-04:00 DEBUG 1361712 --- [ehr] [           main] o.s.b.f.s.DefaultListableBeanFactory     : Creating shared instance of singleton bean 'org.springframework.boot.autoconfigure.task.TaskExecutorConfigurations$TaskExecutorConfiguration'
2025-10-21T19:09:54.283-04:00 DEBUG 1361712 --- [ehr] [           main] o.s.b.f.s.DefaultListableBeanFactory     : Creating shared instance of singleton bean 'threadPoolTaskExecutorBuilder'
2025-10-21T19:09:54.283-04:00 DEBUG 1361712 --- [ehr] [           main] o.s.b.f.s.DefaultListableBeanFactory     : Creating shared instance of singleton bean 'org.springframework.boot.autoconfigure.task.TaskExecutorConfigurations$ThreadPoolTaskExecutorBuilderConfiguration'
2025-10-21T19:09:54.284-04:00 DEBUG 1361712 --- [ehr] [           main] o.s.b.f.s.DefaultListableBeanFactory     : Creating shared instance of singleton bean 'spring.task.execution-org.springframework.boot.autoconfigure.task.TaskExecutionProperties'
2025-10-21T19:09:54.285-04:00 DEBUG 1361712 --- [ehr] [           main] o.s.b.f.s.DefaultListableBeanFactory     : Creating shared instance of singleton bean 'org.springframework.boot.context.properties.BoundConfigurationProperties'
2025-10-21T19:09:54.295-04:00 DEBUG 1361712 --- [ehr] [           main] o.s.b.f.s.DefaultListableBeanFactory     : Autowiring by type from bean name 'threadPoolTaskExecutorBuilder' via factory method to bean named 'spring.task.execution-org.springframework.boot.autoconfigure.task.TaskExecutionProperties'
2025-10-21T19:09:54.302-04:00 DEBUG 1361712 --- [ehr] [           main] o.s.b.f.s.DefaultListableBeanFactory     : Autowiring by type from bean name 'applicationTaskExecutor' via factory method to bean named 'threadPoolTaskExecutorBuilder'
2025-10-21T19:09:54.319-04:00 DEBUG 1361712 --- [ehr] [           main] o.s.b.f.s.DefaultListableBeanFactory     : Creating shared instance of singleton bean 'org.springframework.test.context.support.internalDynamicPropertyRegistrarBeanInitializer'
2025-10-21T19:09:54.321-04:00 DEBUG 1361712 --- [ehr] [           main] o.s.b.f.s.DefaultListableBeanFactory     : Creating shared instance of singleton bean 'dataSourceScriptDatabaseInitializer'
2025-10-21T19:09:54.321-04:00 DEBUG 1361712 --- [ehr] [           main] o.s.b.f.s.DefaultListableBeanFactory     : Creating shared instance of singleton bean 'org.springframework.boot.autoconfigure.sql.init.DataSourceInitializationConfiguration'
2025-10-21T19:09:54.322-04:00 DEBUG 1361712 --- [ehr] [           main] o.s.b.f.s.DefaultListableBeanFactory     : Creating shared instance of singleton bean 'dataSource'
2025-10-21T19:09:54.322-04:00 DEBUG 1361712 --- [ehr] [           main] o.s.b.f.s.DefaultListableBeanFactory     : Creating shared instance of singleton bean 'org.springframework.boot.autoconfigure.jdbc.DataSourceConfiguration$Hikari'
2025-10-21T19:09:54.322-04:00 DEBUG 1361712 --- [ehr] [           main] o.s.b.f.s.DefaultListableBeanFactory     : Creating shared instance of singleton bean 'spring.datasource-org.springframework.boot.autoconfigure.jdbc.DataSourceProperties'
2025-10-21T19:09:54.326-04:00  INFO 1361712 --- [ehr] [           main] c.u.j.filter.DefaultLazyPropertyFilter   : Property Filter custom Bean not found with name 'encryptablePropertyFilter'. Initializing Default Property Filter
2025-10-21T19:09:54.339-04:00  INFO 1361712 --- [ehr] [           main] c.u.j.r.DefaultLazyPropertyResolver      : Property Resolver custom Bean not found with name 'encryptablePropertyResolver'. Initializing Default Property Resolver
2025-10-21T19:09:54.341-04:00  INFO 1361712 --- [ehr] [           main] c.u.j.d.DefaultLazyPropertyDetector      : Property Detector custom Bean not found with name 'encryptablePropertyDetector'. Initializing Default Property Detector
2025-10-21T19:09:54.354-04:00 DEBUG 1361712 --- [ehr] [           main] o.s.b.f.s.DefaultListableBeanFactory     : Creating shared instance of singleton bean 'jdbcConnectionDetails'
2025-10-21T19:09:54.355-04:00 DEBUG 1361712 --- [ehr] [           main] o.s.b.f.s.DefaultListableBeanFactory     : Creating shared instance of singleton bean 'org.springframework.boot.autoconfigure.jdbc.DataSourceAutoConfiguration$PooledDataSourceConfiguration'
2025-10-21T19:09:54.356-04:00 DEBUG 1361712 --- [ehr] [           main] o.s.b.f.s.DefaultListableBeanFactory     : Autowiring by type from bean name 'jdbcConnectionDetails' via factory method to bean named 'spring.datasource-org.springframework.boot.autoconfigure.jdbc.DataSourceProperties'
2025-10-21T19:09:54.357-04:00 DEBUG 1361712 --- [ehr] [           main] o.s.b.f.s.DefaultListableBeanFactory     : Autowiring by type from bean name 'dataSource' via factory method to bean named 'spring.datasource-org.springframework.boot.autoconfigure.jdbc.DataSourceProperties'
2025-10-21T19:09:54.357-04:00 DEBUG 1361712 --- [ehr] [           main] o.s.b.f.s.DefaultListableBeanFactory     : Autowiring by type from bean name 'dataSource' via factory method to bean named 'jdbcConnectionDetails'
2025-10-21T19:09:54.357-04:00 DEBUG 1361712 --- [ehr] [           main] o.s.b.f.s.DefaultListableBeanFactory     : Autowiring by type from bean name 'dataSource' via factory method to bean named 'environment'
2025-10-21T19:09:54.373-04:00 DEBUG 1361712 --- [ehr] [           main] o.s.b.f.s.DefaultListableBeanFactory     : Creating shared instance of singleton bean 'spring.sql.init-org.springframework.boot.autoconfigure.sql.init.SqlInitializationProperties'
2025-10-21T19:09:54.375-04:00 DEBUG 1361712 --- [ehr] [           main] o.s.b.f.s.DefaultListableBeanFactory     : Autowiring by type from bean name 'dataSourceScriptDatabaseInitializer' via factory method to bean named 'dataSource'
2025-10-21T19:09:54.375-04:00 DEBUG 1361712 --- [ehr] [           main] o.s.b.f.s.DefaultListableBeanFactory     : Autowiring by type from bean name 'dataSourceScriptDatabaseInitializer' via factory method to bean named 'spring.sql.init-org.springframework.boot.autoconfigure.sql.init.SqlInitializationProperties'
2025-10-21T19:09:54.378-04:00 DEBUG 1361712 --- [ehr] [           main] o.s.b.f.s.DefaultListableBeanFactory     : Creating shared instance of singleton bean 'entityManagerFactory'
2025-10-21T19:09:54.379-04:00 DEBUG 1361712 --- [ehr] [           main] o.s.b.f.s.DefaultListableBeanFactory     : Creating shared instance of singleton bean 'org.springframework.boot.autoconfigure.orm.jpa.HibernateJpaConfiguration'
2025-10-21T19:09:54.380-04:00 DEBUG 1361712 --- [ehr] [           main] o.s.b.f.s.DefaultListableBeanFactory     : Creating shared instance of singleton bean 'spring.jpa-org.springframework.boot.autoconfigure.orm.jpa.JpaProperties'
2025-10-21T19:09:54.383-04:00 DEBUG 1361712 --- [ehr] [           main] o.s.b.f.s.DefaultListableBeanFactory     : Creating shared instance of singleton bean 'spring.jpa.hibernate-org.springframework.boot.autoconfigure.orm.jpa.HibernateProperties'
2025-10-21T19:09:54.384-04:00 DEBUG 1361712 --- [ehr] [           main] o.s.b.f.s.DefaultListableBeanFactory     : Autowiring by type from bean name 'org.springframework.boot.autoconfigure.orm.jpa.HibernateJpaConfiguration' via constructor to bean named 'dataSource'
2025-10-21T19:09:54.385-04:00 DEBUG 1361712 --- [ehr] [           main] o.s.b.f.s.DefaultListableBeanFactory     : Autowiring by type from bean name 'org.springframework.boot.autoconfigure.orm.jpa.HibernateJpaConfiguration' via constructor to bean named 'spring.jpa-org.springframework.boot.autoconfigure.orm.jpa.JpaProperties'
2025-10-21T19:09:54.385-04:00 DEBUG 1361712 --- [ehr] [           main] o.s.b.f.s.DefaultListableBeanFactory     : Autowiring by type from bean name 'org.springframework.boot.autoconfigure.orm.jpa.HibernateJpaConfiguration' via constructor to bean named 'org.springframework.beans.factory.support.DefaultListableBeanFactory@14151bc5'
2025-10-21T19:09:54.385-04:00 DEBUG 1361712 --- [ehr] [           main] o.s.b.f.s.DefaultListableBeanFactory     : Autowiring by type from bean name 'org.springframework.boot.autoconfigure.orm.jpa.HibernateJpaConfiguration' via constructor to bean named 'spring.jpa.hibernate-org.springframework.boot.autoconfigure.orm.jpa.HibernateProperties'
2025-10-21T19:09:54.387-04:00 DEBUG 1361712 --- [ehr] [           main] o.s.b.f.s.DefaultListableBeanFactory     : Creating shared instance of singleton bean 'hikariPoolDataSourceMetadataProvider'
2025-10-21T19:09:54.387-04:00 DEBUG 1361712 --- [ehr] [           main] o.s.b.f.s.DefaultListableBeanFactory     : Creating shared instance of singleton bean 'org.springframework.boot.autoconfigure.jdbc.metadata.DataSourcePoolMetadataProvidersConfiguration$HikariPoolDataSourceMetadataProviderConfiguration'
2025-10-21T19:09:54.389-04:00 DEBUG 1361712 --- [ehr] [           main] o.s.b.f.s.DefaultListableBeanFactory     : Creating shared instance of singleton bean 'entityManagerFactoryBuilder'
2025-10-21T19:09:54.390-04:00 DEBUG 1361712 --- [ehr] [           main] o.s.b.f.s.DefaultListableBeanFactory     : Creating shared instance of singleton bean 'jpaVendorAdapter'
2025-10-21T19:09:54.397-04:00 DEBUG 1361712 --- [ehr] [           main] o.s.b.f.s.DefaultListableBeanFactory     : Autowiring by type from bean name 'entityManagerFactoryBuilder' via factory method to bean named 'jpaVendorAdapter'
2025-10-21T19:09:54.401-04:00 DEBUG 1361712 --- [ehr] [           main] o.s.b.f.s.DefaultListableBeanFactory     : Creating shared instance of singleton bean 'persistenceManagedTypes'
2025-10-21T19:09:54.403-04:00 DEBUG 1361712 --- [ehr] [           main] o.s.b.f.s.DefaultListableBeanFactory     : Autowiring by type from bean name 'persistenceManagedTypes' via factory method to bean named 'org.springframework.beans.factory.support.DefaultListableBeanFactory@14151bc5'
2025-10-21T19:09:54.403-04:00 DEBUG 1361712 --- [ehr] [           main] o.s.b.f.s.DefaultListableBeanFactory     : Autowiring by type from bean name 'persistenceManagedTypes' via factory method to bean named 'org.springframework.web.context.support.GenericWebApplicationContext@607b2792'
2025-10-21T19:09:54.408-04:00 DEBUG 1361712 --- [ehr] [           main] o.s.b.f.s.DefaultListableBeanFactory     : Autowiring by type from bean name 'entityManagerFactory' via factory method to bean named 'entityManagerFactoryBuilder'
2025-10-21T19:09:54.409-04:00 DEBUG 1361712 --- [ehr] [           main] o.s.b.f.s.DefaultListableBeanFactory     : Autowiring by type from bean name 'entityManagerFactory' via factory method to bean named 'persistenceManagedTypes'
2025-10-21T19:09:54.431-04:00  INFO 1361712 --- [ehr] [           main] o.hibernate.jpa.internal.util.LogHelper  : HHH000204: Processing PersistenceUnitInfo [name: default]
2025-10-21T19:09:54.453-04:00  INFO 1361712 --- [ehr] [           main] org.hibernate.Version                    : HHH000412: Hibernate ORM core version 6.6.18.Final
2025-10-21T19:09:54.469-04:00  INFO 1361712 --- [ehr] [           main] o.h.c.internal.RegionFactoryInitiator    : HHH000026: Second-level cache disabled
2025-10-21T19:09:54.616-04:00  INFO 1361712 --- [ehr] [           main] o.s.o.j.p.SpringPersistenceUnitInfo      : No LoadTimeWeaver setup: ignoring JPA class transformer
2025-10-21T19:09:54.634-04:00  INFO 1361712 --- [ehr] [           main] com.zaxxer.hikari.HikariDataSource       : HikariPool-1 - Starting...
2025-10-21T19:09:54.824-04:00  INFO 1361712 --- [ehr] [           main] com.zaxxer.hikari.pool.HikariPool        : HikariPool-1 - Added connection org.postgresql.jdbc.PgConnection@192f5f39
2025-10-21T19:09:54.825-04:00  INFO 1361712 --- [ehr] [           main] com.zaxxer.hikari.HikariDataSource       : HikariPool-1 - Start completed.
2025-10-21T19:09:54.840-04:00  WARN 1361712 --- [ehr] [           main] org.hibernate.orm.deprecation            : HHH90000025: PostgreSQLDialect does not need to be specified explicitly using 'hibernate.dialect' (remove the property setting and it will be selected by default)
2025-10-21T19:09:54.849-04:00  INFO 1361712 --- [ehr] [           main] org.hibernate.orm.connections.pooling    : HHH10001005: Database info:
	Database JDBC URL [Connecting through datasource 'HikariDataSource (HikariPool-1)']
	Database driver: undefined/unknown
	Database version: 18.0
	Autocommit mode: undefined/unknown
	Isolation level: undefined/unknown
	Minimum pool size: undefined/unknown
	Maximum pool size: undefined/unknown
2025-10-21T19:09:55.238-04:00  INFO 1361712 --- [ehr] [           main] o.h.e.t.j.p.i.JtaPlatformInitiator       : HHH000489: No JTA platform available (set 'hibernate.transaction.jta.platform' to enable JTA platform integration)
2025-10-21T19:09:55.262-04:00  INFO 1361712 --- [ehr] [           main] j.LocalContainerEntityManagerFactoryBean : Initialized JPA EntityManagerFactory for persistence unit 'default'
2025-10-21T19:09:55.264-04:00 DEBUG 1361712 --- [ehr] [           main] o.s.b.f.s.DefaultListableBeanFactory     : Creating shared instance of singleton bean 'ehrApplication'
2025-10-21T19:09:55.265-04:00 DEBUG 1361712 --- [ehr] [           main] o.s.b.f.s.DefaultListableBeanFactory     : Creating shared instance of singleton bean 'patientController'
2025-10-21T19:09:55.267-04:00 DEBUG 1361712 --- [ehr] [           main] o.s.b.f.s.DefaultListableBeanFactory     : Creating shared instance of singleton bean 'patientService'
2025-10-21T19:09:55.267-04:00 DEBUG 1361712 --- [ehr] [           main] o.s.b.f.s.DefaultListableBeanFactory     : Creating shared instance of singleton bean 'patientRepo'
2025-10-21T19:09:55.273-04:00 DEBUG 1361712 --- [ehr] [           main] o.s.b.f.s.DefaultListableBeanFactory     : Creating shared instance of singleton bean 'jpa.named-queries#2'
2025-10-21T19:09:55.274-04:00 DEBUG 1361712 --- [ehr] [           main] o.s.b.f.s.DefaultListableBeanFactory     : Creating shared instance of singleton bean 'jpa.PatientRepo.fragments#0'
2025-10-21T19:09:55.278-04:00 DEBUG 1361712 --- [ehr] [           main] o.s.b.f.s.DefaultListableBeanFactory     : Creating shared instance of singleton bean 'jpaSharedEM_entityManagerFactory'
2025-10-21T19:09:55.299-04:00 DEBUG 1361712 --- [ehr] [           main] o.s.b.f.s.DefaultListableBeanFactory     : Creating shared instance of singleton bean 'jpaMappingContext'
2025-10-21T19:09:55.445-04:00 DEBUG 1361712 --- [ehr] [           main] o.s.b.f.s.DefaultListableBeanFactory     : Autowiring by type from bean name 'patientService' via constructor to bean named 'patientRepo'
2025-10-21T19:09:55.446-04:00 DEBUG 1361712 --- [ehr] [           main] o.s.b.f.s.DefaultListableBeanFactory     : Autowiring by type from bean name 'patientController' via constructor to bean named 'patientService'
2025-10-21T19:09:55.447-04:00 DEBUG 1361712 --- [ehr] [           main] o.s.b.f.s.DefaultListableBeanFactory     : Creating shared instance of singleton bean 'surgeryCaseController'
2025-10-21T19:09:55.447-04:00 DEBUG 1361712 --- [ehr] [           main] o.s.b.f.s.DefaultListableBeanFactory     : Creating shared instance of singleton bean 'surgeryCaseService'
2025-10-21T19:09:55.448-04:00 DEBUG 1361712 --- [ehr] [           main] o.s.b.f.s.DefaultListableBeanFactory     : Creating shared instance of singleton bean 'surgeryCaseRepo'
2025-10-21T19:09:55.449-04:00 DEBUG 1361712 --- [ehr] [           main] o.s.b.f.s.DefaultListableBeanFactory     : Creating shared instance of singleton bean 'jpa.named-queries#0'
2025-10-21T19:09:55.450-04:00 DEBUG 1361712 --- [ehr] [           main] o.s.b.f.s.DefaultListableBeanFactory     : Creating shared instance of singleton bean 'jpa.SurgeryCaseRepo.fragments#0'
2025-10-21T19:09:55.460-04:00 DEBUG 1361712 --- [ehr] [           main] o.s.b.f.s.DefaultListableBeanFactory     : Autowiring by type from bean name 'surgeryCaseService' via constructor to bean named 'surgeryCaseRepo'
2025-10-21T19:09:55.472-04:00 DEBUG 1361712 --- [ehr] [           main] o.s.b.f.s.DefaultListableBeanFactory     : Autowiring by type from bean name 'surgeryCaseController' via constructor to bean named 'surgeryCaseService'
2025-10-21T19:09:55.473-04:00 DEBUG 1361712 --- [ehr] [           main] o.s.b.f.s.DefaultListableBeanFactory     : Creating shared instance of singleton bean 'userController'
2025-10-21T19:09:55.473-04:00 DEBUG 1361712 --- [ehr] [           main] o.s.b.f.s.DefaultListableBeanFactory     : Creating shared instance of singleton bean 'userService'
2025-10-21T19:09:55.474-04:00 DEBUG 1361712 --- [ehr] [           main] o.s.b.f.s.DefaultListableBeanFactory     : Creating shared instance of singleton bean 'userRepo'
2025-10-21T19:09:55.474-04:00 DEBUG 1361712 --- [ehr] [           main] o.s.b.f.s.DefaultListableBeanFactory     : Creating shared instance of singleton bean 'jpa.named-queries#1'
2025-10-21T19:09:55.475-04:00 DEBUG 1361712 --- [ehr] [           main] o.s.b.f.s.DefaultListableBeanFactory     : Creating shared instance of singleton bean 'jpa.UserRepo.fragments#0'
2025-10-21T19:09:55.484-04:00 DEBUG 1361712 --- [ehr] [           main] o.s.b.f.s.DefaultListableBeanFactory     : Creating shared instance of singleton bean 'passwordEncoder'
2025-10-21T19:09:55.484-04:00 DEBUG 1361712 --- [ehr] [           main] o.s.b.f.s.DefaultListableBeanFactory     : Creating shared instance of singleton bean 'passwordConfig'
2025-10-21T19:09:55.486-04:00 DEBUG 1361712 --- [ehr] [           main] o.s.b.f.s.DefaultListableBeanFactory     : Autowiring by type from bean name 'userService' via constructor to bean named 'userRepo'
2025-10-21T19:09:55.486-04:00 DEBUG 1361712 --- [ehr] [           main] o.s.b.f.s.DefaultListableBeanFactory     : Autowiring by type from bean name 'userService' via constructor to bean named 'passwordEncoder'
2025-10-21T19:09:55.486-04:00 DEBUG 1361712 --- [ehr] [           main] o.s.b.f.s.DefaultListableBeanFactory     : Creating shared instance of singleton bean 'tokenService'
2025-10-21T19:09:55.488-04:00 DEBUG 1361712 --- [ehr] [           main] o.s.b.f.s.DefaultListableBeanFactory     : Autowiring by type from bean name 'userController' via constructor to bean named 'userService'
2025-10-21T19:09:55.488-04:00 DEBUG 1361712 --- [ehr] [           main] o.s.b.f.s.DefaultListableBeanFactory     : Autowiring by type from bean name 'userController' via constructor to bean named 'tokenService'
2025-10-21T19:09:55.488-04:00 DEBUG 1361712 --- [ehr] [           main] o.s.b.f.s.DefaultListableBeanFactory     : Creating shared instance of singleton bean 'jwtAuthenticationFilter'
2025-10-21T19:09:55.490-04:00 DEBUG 1361712 --- [ehr] [           main] o.s.b.f.s.DefaultListableBeanFactory     : Creating shared instance of singleton bean 'securityConfig'
2025-10-21T19:09:55.491-04:00 DEBUG 1361712 --- [ehr] [           main] o.s.b.f.s.DefaultListableBeanFactory     : Creating shared instance of singleton bean 'org.springframework.security.config.annotation.configuration.ObjectPostProcessorConfiguration'
2025-10-21T19:09:55.491-04:00 DEBUG 1361712 --- [ehr] [           main] o.s.b.f.s.DefaultListableBeanFactory     : Creating shared instance of singleton bean 'objectPostProcessor'
2025-10-21T19:09:55.492-04:00 DEBUG 1361712 --- [ehr] [           main] o.s.b.f.s.DefaultListableBeanFactory     : Autowiring by type from bean name 'objectPostProcessor' via factory method to bean named 'org.springframework.beans.factory.support.DefaultListableBeanFactory@14151bc5'
2025-10-21T19:09:55.492-04:00 DEBUG 1361712 --- [ehr] [           main] o.s.b.f.s.DefaultListableBeanFactory     : Creating shared instance of singleton bean 'org.springframework.security.config.annotation.authentication.configuration.AuthenticationConfiguration'
2025-10-21T19:09:55.493-04:00 DEBUG 1361712 --- [ehr] [           main] o.s.b.f.s.DefaultListableBeanFactory     : Creating shared instance of singleton bean 'enableGlobalAuthenticationAutowiredConfigurer'
2025-10-21T19:09:55.494-04:00 DEBUG 1361712 --- [ehr] [           main] o.s.b.f.s.DefaultListableBeanFactory     : Autowiring by type from bean name 'enableGlobalAuthenticationAutowiredConfigurer' via factory method to bean named 'org.springframework.web.context.support.GenericWebApplicationContext@607b2792'
2025-10-21T19:09:55.494-04:00 DEBUG 1361712 --- [ehr] [           main] o.s.b.f.s.DefaultListableBeanFactory     : Creating shared instance of singleton bean 'initializeUserDetailsBeanManagerConfigurer'
2025-10-21T19:09:55.494-04:00 DEBUG 1361712 --- [ehr] [           main] o.s.b.f.s.DefaultListableBeanFactory     : Autowiring by type from bean name 'initializeUserDetailsBeanManagerConfigurer' via factory method to bean named 'org.springframework.web.context.support.GenericWebApplicationContext@607b2792'
2025-10-21T19:09:55.495-04:00 DEBUG 1361712 --- [ehr] [           main] o.s.b.f.s.DefaultListableBeanFactory     : Creating shared instance of singleton bean 'initializeAuthenticationProviderBeanManagerConfigurer'
2025-10-21T19:09:55.495-04:00 DEBUG 1361712 --- [ehr] [           main] o.s.b.f.s.DefaultListableBeanFactory     : Autowiring by type from bean name 'initializeAuthenticationProviderBeanManagerConfigurer' via factory method to bean named 'org.springframework.web.context.support.GenericWebApplicationContext@607b2792'
2025-10-21T19:09:55.496-04:00 DEBUG 1361712 --- [ehr] [           main] o.s.b.f.s.DefaultListableBeanFactory     : Creating shared instance of singleton bean 'authenticationManagerBuilder'
2025-10-21T19:09:55.497-04:00 DEBUG 1361712 --- [ehr] [           main] o.s.b.f.s.DefaultListableBeanFactory     : Autowiring by type from bean name 'authenticationManagerBuilder' via factory method to bean named 'objectPostProcessor'
2025-10-21T19:09:55.497-04:00 DEBUG 1361712 --- [ehr] [           main] o.s.b.f.s.DefaultListableBeanFactory     : Autowiring by type from bean name 'authenticationManagerBuilder' via factory method to bean named 'org.springframework.web.context.support.GenericWebApplicationContext@607b2792'
2025-10-21T19:09:55.498-04:00 DEBUG 1361712 --- [ehr] [           main] o.s.b.f.s.DefaultListableBeanFactory     : Creating shared instance of singleton bean 'authenticationEventPublisher'
2025-10-21T19:09:55.498-04:00 DEBUG 1361712 --- [ehr] [           main] o.s.b.f.s.DefaultListableBeanFactory     : Creating shared instance of singleton bean 'org.springframework.boot.autoconfigure.security.servlet.SecurityAutoConfiguration'
2025-10-21T19:09:55.498-04:00 DEBUG 1361712 --- [ehr] [           main] o.s.b.f.s.DefaultListableBeanFactory     : Autowiring by type from bean name 'authenticationEventPublisher' via factory method to bean named 'org.springframework.web.context.support.GenericWebApplicationContext@607b2792'
2025-10-21T19:09:55.503-04:00 DEBUG 1361712 --- [ehr] [           main] o.s.b.f.s.DefaultListableBeanFactory     : Creating shared instance of singleton bean 'org.springframework.security.config.annotation.web.configuration.WebSecurityConfiguration'
2025-10-21T19:09:55.510-04:00 DEBUG 1361712 --- [ehr] [           main] o.s.b.f.s.DefaultListableBeanFactory     : Creating shared instance of singleton bean 'filterChainDecoratorPostProcessor'
2025-10-21T19:09:55.512-04:00 DEBUG 1361712 --- [ehr] [           main] o.s.b.f.s.DefaultListableBeanFactory     : Creating shared instance of singleton bean 'mvcHandlerMappingIntrospectorRequestTransformer'
2025-10-21T19:09:55.513-04:00 DEBUG 1361712 --- [ehr] [           main] o.s.b.f.s.DefaultListableBeanFactory     : Creating shared instance of singleton bean 'mvcHandlerMappingIntrospector'
2025-10-21T19:09:55.513-04:00 DEBUG 1361712 --- [ehr] [           main] o.s.b.f.s.DefaultListableBeanFactory     : Creating shared instance of singleton bean 'org.springframework.boot.autoconfigure.web.servlet.WebMvcAutoConfiguration$EnableWebMvcConfiguration'
2025-10-21T19:09:55.514-04:00 DEBUG 1361712 --- [ehr] [           main] o.s.b.f.s.DefaultListableBeanFactory     : Creating shared instance of singleton bean 'spring.mvc-org.springframework.boot.autoconfigure.web.servlet.WebMvcProperties'
2025-10-21T19:09:55.519-04:00 DEBUG 1361712 --- [ehr] [           main] o.s.b.f.s.DefaultListableBeanFactory     : Creating shared instance of singleton bean 'spring.web-org.springframework.boot.autoconfigure.web.WebProperties'
2025-10-21T19:09:55.525-04:00 DEBUG 1361712 --- [ehr] [           main] o.s.b.f.s.DefaultListableBeanFactory     : Autowiring by type from bean name 'org.springframework.boot.autoconfigure.web.servlet.WebMvcAutoConfiguration$EnableWebMvcConfiguration' via constructor to bean named 'spring.mvc-org.springframework.boot.autoconfigure.web.servlet.WebMvcProperties'
2025-10-21T19:09:55.525-04:00 DEBUG 1361712 --- [ehr] [           main] o.s.b.f.s.DefaultListableBeanFactory     : Autowiring by type from bean name 'org.springframework.boot.autoconfigure.web.servlet.WebMvcAutoConfiguration$EnableWebMvcConfiguration' via constructor to bean named 'spring.web-org.springframework.boot.autoconfigure.web.WebProperties'
2025-10-21T19:09:55.525-04:00 DEBUG 1361712 --- [ehr] [           main] o.s.b.f.s.DefaultListableBeanFactory     : Autowiring by type from bean name 'org.springframework.boot.autoconfigure.web.servlet.WebMvcAutoConfiguration$EnableWebMvcConfiguration' via constructor to bean named 'org.springframework.beans.factory.support.DefaultListableBeanFactory@14151bc5'
2025-10-21T19:09:55.530-04:00 DEBUG 1361712 --- [ehr] [           main] o.s.b.f.s.DefaultListableBeanFactory     : Creating shared instance of singleton bean 'org.springframework.security.config.annotation.web.configuration.WebMvcSecurityConfiguration'
2025-10-21T19:09:55.532-04:00 DEBUG 1361712 --- [ehr] [           main] o.s.b.f.s.DefaultListableBeanFactory     : Creating shared instance of singleton bean 'org.springframework.boot.autoconfigure.web.servlet.WebMvcAutoConfiguration$WebMvcAutoConfigurationAdapter'
2025-10-21T19:09:55.533-04:00 DEBUG 1361712 --- [ehr] [           main] o.s.b.f.s.DefaultListableBeanFactory     : Autowiring by type from bean name 'org.springframework.boot.autoconfigure.web.servlet.WebMvcAutoConfiguration$WebMvcAutoConfigurationAdapter' via constructor to bean named 'spring.web-org.springframework.boot.autoconfigure.web.WebProperties'
2025-10-21T19:09:55.533-04:00 DEBUG 1361712 --- [ehr] [           main] o.s.b.f.s.DefaultListableBeanFactory     : Autowiring by type from bean name 'org.springframework.boot.autoconfigure.web.servlet.WebMvcAutoConfiguration$WebMvcAutoConfigurationAdapter' via constructor to bean named 'spring.mvc-org.springframework.boot.autoconfigure.web.servlet.WebMvcProperties'
2025-10-21T19:09:55.533-04:00 DEBUG 1361712 --- [ehr] [           main] o.s.b.f.s.DefaultListableBeanFactory     : Autowiring by type from bean name 'org.springframework.boot.autoconfigure.web.servlet.WebMvcAutoConfiguration$WebMvcAutoConfigurationAdapter' via constructor to bean named 'org.springframework.beans.factory.support.DefaultListableBeanFactory@14151bc5'
2025-10-21T19:09:55.535-04:00 DEBUG 1361712 --- [ehr] [           main] o.s.b.f.s.DefaultListableBeanFactory     : Creating shared instance of singleton bean 'openEntityManagerInViewInterceptorConfigurer'
2025-10-21T19:09:55.535-04:00 DEBUG 1361712 --- [ehr] [           main] o.s.b.f.s.DefaultListableBeanFactory     : Creating shared instance of singleton bean 'org.springframework.boot.autoconfigure.orm.jpa.JpaBaseConfiguration$JpaWebConfiguration'
2025-10-21T19:09:55.535-04:00 DEBUG 1361712 --- [ehr] [           main] o.s.b.f.s.DefaultListableBeanFactory     : Autowiring by type from bean name 'org.springframework.boot.autoconfigure.orm.jpa.JpaBaseConfiguration$JpaWebConfiguration' via constructor to bean named 'spring.jpa-org.springframework.boot.autoconfigure.orm.jpa.JpaProperties'
2025-10-21T19:09:55.536-04:00 DEBUG 1361712 --- [ehr] [           main] o.s.b.f.s.DefaultListableBeanFactory     : Creating shared instance of singleton bean 'openEntityManagerInViewInterceptor'
2025-10-21T19:09:55.536-04:00  WARN 1361712 --- [ehr] [           main] JpaBaseConfiguration$JpaWebConfiguration : spring.jpa.open-in-view is enabled by default. Therefore, database queries may be performed during view rendering. Explicitly configure spring.jpa.open-in-view to disable this warning
2025-10-21T19:09:55.539-04:00 DEBUG 1361712 --- [ehr] [           main] o.s.b.f.s.DefaultListableBeanFactory     : Autowiring by type from bean name 'openEntityManagerInViewInterceptorConfigurer' via factory method to bean named 'openEntityManagerInViewInterceptor'
2025-10-21T19:09:55.540-04:00 DEBUG 1361712 --- [ehr] [           main] o.s.b.f.s.DefaultListableBeanFactory     : Creating shared instance of singleton bean 'org.springframework.data.web.config.SpringDataWebConfiguration'
2025-10-21T19:09:55.540-04:00 DEBUG 1361712 --- [ehr] [           main] o.s.b.f.s.DefaultListableBeanFactory     : Autowiring by type from bean name 'org.springframework.data.web.config.SpringDataWebConfiguration' via constructor to bean named 'org.springframework.web.context.support.GenericWebApplicationContext@607b2792'
2025-10-21T19:09:55.546-04:00 DEBUG 1361712 --- [ehr] [           main] o.s.b.f.s.DefaultListableBeanFactory     : Creating shared instance of singleton bean 'welcomePageHandlerMapping'
2025-10-21T19:09:55.547-04:00 DEBUG 1361712 --- [ehr] [           main] o.s.b.f.s.DefaultListableBeanFactory     : Creating shared instance of singleton bean 'mvcConversionService'
2025-10-21T19:09:55.552-04:00 DEBUG 1361712 --- [ehr] [           main] o.s.b.f.s.DefaultListableBeanFactory     : Creating shared instance of singleton bean 'mvcResourceUrlProvider'
2025-10-21T19:09:55.554-04:00 DEBUG 1361712 --- [ehr] [           main] o.s.b.f.s.DefaultListableBeanFactory     : Autowiring by type from bean name 'welcomePageHandlerMapping' via factory method to bean named 'org.springframework.web.context.support.GenericWebApplicationContext@607b2792'
2025-10-21T19:09:55.554-04:00 DEBUG 1361712 --- [ehr] [           main] o.s.b.f.s.DefaultListableBeanFactory     : Autowiring by type from bean name 'welcomePageHandlerMapping' via factory method to bean named 'mvcConversionService'
2025-10-21T19:09:55.554-04:00 DEBUG 1361712 --- [ehr] [           main] o.s.b.f.s.DefaultListableBeanFactory     : Autowiring by type from bean name 'welcomePageHandlerMapping' via factory method to bean named 'mvcResourceUrlProvider'
2025-10-21T19:09:55.561-04:00 DEBUG 1361712 --- [ehr] [           main] o.s.b.f.s.DefaultListableBeanFactory     : Creating shared instance of singleton bean 'welcomePageNotAcceptableHandlerMapping'
2025-10-21T19:09:55.561-04:00 DEBUG 1361712 --- [ehr] [           main] o.s.b.f.s.DefaultListableBeanFactory     : Autowiring by type from bean name 'welcomePageNotAcceptableHandlerMapping' via factory method to bean named 'org.springframework.web.context.support.GenericWebApplicationContext@607b2792'
2025-10-21T19:09:55.562-04:00 DEBUG 1361712 --- [ehr] [           main] o.s.b.f.s.DefaultListableBeanFactory     : Autowiring by type from bean name 'welcomePageNotAcceptableHandlerMapping' via factory method to bean named 'mvcConversionService'
2025-10-21T19:09:55.562-04:00 DEBUG 1361712 --- [ehr] [           main] o.s.b.f.s.DefaultListableBeanFactory     : Autowiring by type from bean name 'welcomePageNotAcceptableHandlerMapping' via factory method to bean named 'mvcResourceUrlProvider'
2025-10-21T19:09:55.564-04:00 DEBUG 1361712 --- [ehr] [           main] o.s.b.f.s.DefaultListableBeanFactory     : Creating shared instance of singleton bean 'requestMappingHandlerMapping'
2025-10-21T19:09:55.564-04:00 DEBUG 1361712 --- [ehr] [           main] o.s.b.f.s.DefaultListableBeanFactory     : Creating shared instance of singleton bean 'mvcContentNegotiationManager'
2025-10-21T19:09:55.567-04:00 DEBUG 1361712 --- [ehr] [           main] o.s.b.f.s.DefaultListableBeanFactory     : Autowiring by type from bean name 'requestMappingHandlerMapping' via factory method to bean named 'mvcContentNegotiationManager'
2025-10-21T19:09:55.567-04:00 DEBUG 1361712 --- [ehr] [           main] o.s.b.f.s.DefaultListableBeanFactory     : Autowiring by type from bean name 'requestMappingHandlerMapping' via factory method to bean named 'mvcConversionService'
2025-10-21T19:09:55.567-04:00 DEBUG 1361712 --- [ehr] [           main] o.s.b.f.s.DefaultListableBeanFactory     : Autowiring by type from bean name 'requestMappingHandlerMapping' via factory method to bean named 'mvcResourceUrlProvider'
2025-10-21T19:09:55.596-04:00 DEBUG 1361712 --- [ehr] [           main] o.s.b.f.s.DefaultListableBeanFactory     : Creating shared instance of singleton bean 'viewControllerHandlerMapping'
2025-10-21T19:09:55.597-04:00 DEBUG 1361712 --- [ehr] [           main] o.s.b.f.s.DefaultListableBeanFactory     : Autowiring by type from bean name 'viewControllerHandlerMapping' via factory method to bean named 'mvcConversionService'
2025-10-21T19:09:55.597-04:00 DEBUG 1361712 --- [ehr] [           main] o.s.b.f.s.DefaultListableBeanFactory     : Autowiring by type from bean name 'viewControllerHandlerMapping' via factory method to bean named 'mvcResourceUrlProvider'
2025-10-21T19:09:55.598-04:00 DEBUG 1361712 --- [ehr] [           main] o.s.b.f.s.DefaultListableBeanFactory     : Creating shared instance of singleton bean 'beanNameHandlerMapping'
2025-10-21T19:09:55.598-04:00 DEBUG 1361712 --- [ehr] [           main] o.s.b.f.s.DefaultListableBeanFactory     : Autowiring by type from bean name 'beanNameHandlerMapping' via factory method to bean named 'mvcConversionService'
2025-10-21T19:09:55.598-04:00 DEBUG 1361712 --- [ehr] [           main] o.s.b.f.s.DefaultListableBeanFactory     : Autowiring by type from bean name 'beanNameHandlerMapping' via factory method to bean named 'mvcResourceUrlProvider'
2025-10-21T19:09:55.600-04:00 DEBUG 1361712 --- [ehr] [           main] o.s.b.f.s.DefaultListableBeanFactory     : Creating shared instance of singleton bean 'routerFunctionMapping'
2025-10-21T19:09:55.601-04:00 DEBUG 1361712 --- [ehr] [           main] o.s.b.f.s.DefaultListableBeanFactory     : Autowiring by type from bean name 'routerFunctionMapping' via factory method to bean named 'mvcConversionService'
2025-10-21T19:09:55.601-04:00 DEBUG 1361712 --- [ehr] [           main] o.s.b.f.s.DefaultListableBeanFactory     : Autowiring by type from bean name 'routerFunctionMapping' via factory method to bean named 'mvcResourceUrlProvider'
2025-10-21T19:09:55.602-04:00 DEBUG 1361712 --- [ehr] [           main] o.s.b.f.s.DefaultListableBeanFactory     : Creating shared instance of singleton bean 'messageConverters'
2025-10-21T19:09:55.602-04:00 DEBUG 1361712 --- [ehr] [           main] o.s.b.f.s.DefaultListableBeanFactory     : Creating shared instance of singleton bean 'org.springframework.boot.autoconfigure.http.HttpMessageConvertersAutoConfiguration'
2025-10-21T19:09:55.605-04:00 DEBUG 1361712 --- [ehr] [           main] o.s.b.f.s.DefaultListableBeanFactory     : Creating shared instance of singleton bean 'stringHttpMessageConverter'
2025-10-21T19:09:55.605-04:00 DEBUG 1361712 --- [ehr] [           main] o.s.b.f.s.DefaultListableBeanFactory     : Creating shared instance of singleton bean 'org.springframework.boot.autoconfigure.http.HttpMessageConvertersAutoConfiguration$StringHttpMessageConverterConfiguration'
2025-10-21T19:09:55.605-04:00 DEBUG 1361712 --- [ehr] [           main] o.s.b.f.s.DefaultListableBeanFactory     : Autowiring by type from bean name 'stringHttpMessageConverter' via factory method to bean named 'environment'
2025-10-21T19:09:55.608-04:00 DEBUG 1361712 --- [ehr] [           main] o.s.b.f.s.DefaultListableBeanFactory     : Creating shared instance of singleton bean 'mappingJackson2HttpMessageConverter'
2025-10-21T19:09:55.608-04:00 DEBUG 1361712 --- [ehr] [           main] o.s.b.f.s.DefaultListableBeanFactory     : Creating shared instance of singleton bean 'org.springframework.boot.autoconfigure.http.JacksonHttpMessageConvertersConfiguration$MappingJackson2HttpMessageConverterConfiguration'
2025-10-21T19:09:55.609-04:00 DEBUG 1361712 --- [ehr] [           main] o.s.b.f.s.DefaultListableBeanFactory     : Creating shared instance of singleton bean 'jacksonObjectMapper'
2025-10-21T19:09:55.609-04:00 DEBUG 1361712 --- [ehr] [           main] o.s.b.f.s.DefaultListableBeanFactory     : Creating shared instance of singleton bean 'org.springframework.boot.autoconfigure.jackson.JacksonAutoConfiguration$JacksonObjectMapperConfiguration'
2025-10-21T19:09:55.609-04:00 DEBUG 1361712 --- [ehr] [           main] o.s.b.f.s.DefaultListableBeanFactory     : Creating shared instance of singleton bean 'org.springframework.boot.autoconfigure.jackson.JacksonAutoConfiguration$JacksonObjectMapperBuilderConfiguration'
2025-10-21T19:09:55.610-04:00 DEBUG 1361712 --- [ehr] [           main] o.s.b.f.s.DefaultListableBeanFactory     : Creating shared instance of singleton bean 'standardJacksonObjectMapperBuilderCustomizer'
2025-10-21T19:09:55.610-04:00 DEBUG 1361712 --- [ehr] [           main] o.s.b.f.s.DefaultListableBeanFactory     : Creating shared instance of singleton bean 'org.springframework.boot.autoconfigure.jackson.JacksonAutoConfiguration$Jackson2ObjectMapperBuilderCustomizerConfiguration'
2025-10-21T19:09:55.610-04:00 DEBUG 1361712 --- [ehr] [           main] o.s.b.f.s.DefaultListableBeanFactory     : Creating shared instance of singleton bean 'spring.jackson-org.springframework.boot.autoconfigure.jackson.JacksonProperties'
2025-10-21T19:09:55.613-04:00 DEBUG 1361712 --- [ehr] [           main] o.s.b.f.s.DefaultListableBeanFactory     : Autowiring by type from bean name 'standardJacksonObjectMapperBuilderCustomizer' via factory method to bean named 'spring.jackson-org.springframework.boot.autoconfigure.jackson.JacksonProperties'
2025-10-21T19:09:55.614-04:00 DEBUG 1361712 --- [ehr] [           main] o.s.b.f.s.DefaultListableBeanFactory     : Creating shared instance of singleton bean 'parameterNamesModule'
2025-10-21T19:09:55.614-04:00 DEBUG 1361712 --- [ehr] [           main] o.s.b.f.s.DefaultListableBeanFactory     : Creating shared instance of singleton bean 'org.springframework.boot.autoconfigure.jackson.JacksonAutoConfiguration$ParameterNamesModuleConfiguration'
2025-10-21T19:09:55.616-04:00 DEBUG 1361712 --- [ehr] [           main] o.s.b.f.s.DefaultListableBeanFactory     : Creating shared instance of singleton bean 'jsonMixinModule'
2025-10-21T19:09:55.616-04:00 DEBUG 1361712 --- [ehr] [           main] o.s.b.f.s.DefaultListableBeanFactory     : Creating shared instance of singleton bean 'org.springframework.boot.autoconfigure.jackson.JacksonAutoConfiguration$JacksonMixinConfiguration'
2025-10-21T19:09:55.617-04:00 DEBUG 1361712 --- [ehr] [           main] o.s.b.f.s.DefaultListableBeanFactory     : Creating shared instance of singleton bean 'jsonMixinModuleEntries'
2025-10-21T19:09:55.617-04:00 DEBUG 1361712 --- [ehr] [           main] o.s.b.f.s.DefaultListableBeanFactory     : Autowiring by type from bean name 'jsonMixinModuleEntries' via factory method to bean named 'org.springframework.web.context.support.GenericWebApplicationContext@607b2792'
2025-10-21T19:09:55.620-04:00 DEBUG 1361712 --- [ehr] [           main] o.s.b.f.s.DefaultListableBeanFactory     : Autowiring by type from bean name 'jsonMixinModule' via factory method to bean named 'org.springframework.web.context.support.GenericWebApplicationContext@607b2792'
2025-10-21T19:09:55.620-04:00 DEBUG 1361712 --- [ehr] [           main] o.s.b.f.s.DefaultListableBeanFactory     : Autowiring by type from bean name 'jsonMixinModule' via factory method to bean named 'jsonMixinModuleEntries'
2025-10-21T19:09:55.622-04:00 DEBUG 1361712 --- [ehr] [           main] o.s.b.f.s.DefaultListableBeanFactory     : Creating shared instance of singleton bean 'jsonComponentModule'
2025-10-21T19:09:55.622-04:00 DEBUG 1361712 --- [ehr] [           main] o.s.b.f.s.DefaultListableBeanFactory     : Creating shared instance of singleton bean 'org.springframework.boot.autoconfigure.jackson.JacksonAutoConfiguration'
2025-10-21T19:09:55.624-04:00 DEBUG 1361712 --- [ehr] [           main] o.s.b.f.s.DefaultListableBeanFactory     : Creating shared instance of singleton bean 'jacksonGeoModule'
2025-10-21T19:09:55.625-04:00 DEBUG 1361712 --- [ehr] [           main] o.s.b.f.s.DefaultListableBeanFactory     : Creating shared instance of singleton bean 'org.springframework.data.web.config.SpringDataJacksonConfiguration'
2025-10-21T19:09:55.625-04:00 DEBUG 1361712 --- [ehr] [           main] o.s.b.f.s.DefaultListableBeanFactory     : Creating shared instance of singleton bean 'springDataWebSettings'
2025-10-21T19:09:55.625-04:00 DEBUG 1361712 --- [ehr] [           main] o.s.b.f.s.DefaultListableBeanFactory     : Creating shared instance of singleton bean 'org.springframework.boot.autoconfigure.data.web.SpringDataWebAutoConfiguration'
2025-10-21T19:09:55.626-04:00 DEBUG 1361712 --- [ehr] [           main] o.s.b.f.s.DefaultListableBeanFactory     : Creating shared instance of singleton bean 'spring.data.web-org.springframework.boot.autoconfigure.data.web.SpringDataWebProperties'
2025-10-21T19:09:55.627-04:00 DEBUG 1361712 --- [ehr] [           main] o.s.b.f.s.DefaultListableBeanFactory     : Autowiring by type from bean name 'org.springframework.boot.autoconfigure.data.web.SpringDataWebAutoConfiguration' via constructor to bean named 'spring.data.web-org.springframework.boot.autoconfigure.data.web.SpringDataWebProperties'
2025-10-21T19:09:55.630-04:00 DEBUG 1361712 --- [ehr] [           main] o.s.b.f.s.DefaultListableBeanFactory     : Creating shared instance of singleton bean 'pageModule'
2025-10-21T19:09:55.631-04:00 DEBUG 1361712 --- [ehr] [           main] o.s.b.f.s.DefaultListableBeanFactory     : Autowiring by type from bean name 'jacksonObjectMapperBuilder' via factory method to bean named 'org.springframework.web.context.support.GenericWebApplicationContext@607b2792'
2025-10-21T19:09:55.631-04:00 DEBUG 1361712 --- [ehr] [           main] o.s.b.f.s.DefaultListableBeanFactory     : Autowiring by type from bean name 'jacksonObjectMapperBuilder' via factory method to bean named 'standardJacksonObjectMapperBuilderCustomizer'
2025-10-21T19:09:55.633-04:00 DEBUG 1361712 --- [ehr] [           main] o.s.b.f.s.DefaultListableBeanFactory     : Autowiring by type from bean name 'jacksonObjectMapper' via factory method to bean named 'jacksonObjectMapperBuilder'
2025-10-21T19:09:55.640-04:00 DEBUG 1361712 --- [ehr] [           main] o.s.b.f.s.DefaultListableBeanFactory     : Autowiring by type from bean name 'mappingJackson2HttpMessageConverter' via factory method to bean named 'jacksonObjectMapper'
2025-10-21T19:09:55.659-04:00 DEBUG 1361712 --- [ehr] [           main] o.s.b.f.s.DefaultListableBeanFactory     : Creating shared instance of singleton bean 'resourceHandlerMapping'
2025-10-21T19:09:55.660-04:00 DEBUG 1361712 --- [ehr] [           main] o.s.b.f.s.DefaultListableBeanFactory     : Autowiring by type from bean name 'resourceHandlerMapping' via factory method to bean named 'mvcContentNegotiationManager'
2025-10-21T19:09:55.660-04:00 DEBUG 1361712 --- [ehr] [           main] o.s.b.f.s.DefaultListableBeanFactory     : Autowiring by type from bean name 'resourceHandlerMapping' via factory method to bean named 'mvcConversionService'
2025-10-21T19:09:55.660-04:00 DEBUG 1361712 --- [ehr] [           main] o.s.b.f.s.DefaultListableBeanFactory     : Autowiring by type from bean name 'resourceHandlerMapping' via factory method to bean named 'mvcResourceUrlProvider'
2025-10-21T19:09:55.666-04:00 DEBUG 1361712 --- [ehr] [           main] o.s.b.f.s.DefaultListableBeanFactory     : Creating shared instance of singleton bean 'defaultServletHandlerMapping'
2025-10-21T19:09:55.669-04:00 DEBUG 1361712 --- [ehr] [           main] o.s.b.f.s.DefaultListableBeanFactory     : Creating shared instance of singleton bean 'filterChain'
2025-10-21T19:09:55.669-04:00 DEBUG 1361712 --- [ehr] [           main] o.s.b.f.s.DefaultListableBeanFactory     : Creating shared instance of singleton bean 'org.springframework.security.config.annotation.web.configuration.HttpSecurityConfiguration'
2025-10-21T19:09:55.672-04:00 DEBUG 1361712 --- [ehr] [           main] o.s.b.f.s.DefaultListableBeanFactory     : Creating shared instance of singleton bean 'inMemoryUserDetailsManager'
2025-10-21T19:09:55.673-04:00 DEBUG 1361712 --- [ehr] [           main] o.s.b.f.s.DefaultListableBeanFactory     : Creating shared instance of singleton bean 'org.springframework.boot.autoconfigure.security.servlet.UserDetailsServiceAutoConfiguration'
2025-10-21T19:09:55.673-04:00 DEBUG 1361712 --- [ehr] [           main] o.s.b.f.s.DefaultListableBeanFactory     : Creating shared instance of singleton bean 'spring.security-org.springframework.boot.autoconfigure.security.SecurityProperties'
2025-10-21T19:09:55.675-04:00 DEBUG 1361712 --- [ehr] [           main] o.s.b.f.s.DefaultListableBeanFactory     : Autowiring by type from bean name 'inMemoryUserDetailsManager' via factory method to bean named 'spring.security-org.springframework.boot.autoconfigure.security.SecurityProperties'
2025-10-21T19:09:55.676-04:00  WARN 1361712 --- [ehr] [           main] .s.s.UserDetailsServiceAutoConfiguration : 

Using generated security password: f1eb5fa9-42ba-4ac4-bdf9-4eff02b0b706

This generated password is for development use only. Your security configuration must be updated before running your application in production.

2025-10-21T19:09:55.679-04:00  INFO 1361712 --- [ehr] [           main] r$InitializeUserDetailsManagerConfigurer : Global AuthenticationManager configured with UserDetailsService bean with name inMemoryUserDetailsManager
2025-10-21T19:09:55.701-04:00 DEBUG 1361712 --- [ehr] [           main] o.s.b.f.s.DefaultListableBeanFactory     : Autowiring by type from bean name 'filterChain' via factory method to bean named 'org.springframework.security.config.annotation.web.configuration.HttpSecurityConfiguration.httpSecurity'
2025-10-21T19:09:55.702-04:00 DEBUG 1361712 --- [ehr] [           main] o.s.b.f.s.DefaultListableBeanFactory     : Creating shared instance of singleton bean 'corsConfigurationSource'
2025-10-21T19:09:55.707-04:00 DEBUG 1361712 --- [ehr] [           main] o.s.b.f.s.DefaultListableBeanFactory     : Creating shared instance of singleton bean 'webAuthorizationManagerPostProcessor'
2025-10-21T19:09:55.732-04:00 DEBUG 1361712 --- [ehr] [           main] o.s.b.f.s.DefaultListableBeanFactory     : Creating shared instance of singleton bean 'authenticationManagerPostProcessor'
2025-10-21T19:09:55.748-04:00 DEBUG 1361712 --- [ehr] [           main] o.s.b.f.s.DefaultListableBeanFactory     : Creating shared instance of singleton bean 'delegatingApplicationListener'
2025-10-21T19:09:55.749-04:00 DEBUG 1361712 --- [ehr] [           main] o.s.b.f.s.DefaultListableBeanFactory     : Creating shared instance of singleton bean 'springSecurityFilterChain'
2025-10-21T19:09:55.761-04:00 DEBUG 1361712 --- [ehr] [           main] o.s.b.f.s.DefaultListableBeanFactory     : Creating shared instance of singleton bean 'webSecurityExpressionHandler'
2025-10-21T19:09:55.762-04:00 DEBUG 1361712 --- [ehr] [           main] o.s.b.f.s.DefaultListableBeanFactory     : Creating shared instance of singleton bean 'privilegeEvaluator'
2025-10-21T19:09:55.763-04:00 DEBUG 1361712 --- [ehr] [           main] o.s.b.f.s.DefaultListableBeanFactory     : Creating shared instance of singleton bean 'requestDataValueProcessor'
2025-10-21T19:09:55.766-04:00 DEBUG 1361712 --- [ehr] [           main] o.s.b.f.s.DefaultListableBeanFactory     : Creating shared instance of singleton bean 'org.springframework.security.config.annotation.web.configuration.ObservationConfiguration'
2025-10-21T19:09:55.766-04:00 DEBUG 1361712 --- [ehr] [           main] o.s.b.f.s.DefaultListableBeanFactory     : Creating shared instance of singleton bean 'configPropsSingleton'
2025-10-21T19:09:55.767-04:00 DEBUG 1361712 --- [ehr] [           main] o.s.b.f.s.DefaultListableBeanFactory     : Autowiring by type from bean name 'configPropsSingleton' via factory method to bean named 'envCopy'
2025-10-21T19:09:55.768-04:00 DEBUG 1361712 --- [ehr] [           main] o.s.b.f.s.DefaultListableBeanFactory     : Creating shared instance of singleton bean 'com.ulisesbocchio.jasyptspringboot.configuration.CachingConfiguration'
2025-10-21T19:09:55.768-04:00 DEBUG 1361712 --- [ehr] [           main] o.s.b.f.s.DefaultListableBeanFactory     : Creating shared instance of singleton bean 'refreshScopeRefreshedEventListener'
2025-10-21T19:09:55.769-04:00 DEBUG 1361712 --- [ehr] [           main] o.s.b.f.s.DefaultListableBeanFactory     : Autowiring by type from bean name 'refreshScopeRefreshedEventListener' via factory method to bean named 'environment'
2025-10-21T19:09:55.769-04:00 DEBUG 1361712 --- [ehr] [           main] o.s.b.f.s.DefaultListableBeanFactory     : Autowiring by type from bean name 'refreshScopeRefreshedEventListener' via factory method to bean named 'encryptablePropertySourceConverter'
2025-10-21T19:09:55.769-04:00 DEBUG 1361712 --- [ehr] [           main] o.s.b.f.s.DefaultListableBeanFactory     : Autowiring by type from bean name 'refreshScopeRefreshedEventListener' via factory method to bean named 'configPropsSingleton'
2025-10-21T19:09:55.776-04:00 DEBUG 1361712 --- [ehr] [           main] o.s.b.f.s.DefaultListableBeanFactory     : Creating shared instance of singleton bean 'com.ulisesbocchio.jasyptspringboot.configuration.EnableEncryptablePropertiesConfiguration'
2025-10-21T19:09:55.777-04:00 DEBUG 1361712 --- [ehr] [           main] o.s.b.f.s.DefaultListableBeanFactory     : Creating shared instance of singleton bean 'org.springframework.boot.autoconfigure.context.PropertyPlaceholderAutoConfiguration'
2025-10-21T19:09:55.777-04:00 DEBUG 1361712 --- [ehr] [           main] o.s.b.f.s.DefaultListableBeanFactory     : Creating shared instance of singleton bean 'org.springframework.boot.autoconfigure.ssl.SslAutoConfiguration'
2025-10-21T19:09:55.778-04:00 DEBUG 1361712 --- [ehr] [           main] o.s.b.f.s.DefaultListableBeanFactory     : Creating shared instance of singleton bean 'spring.ssl-org.springframework.boot.autoconfigure.ssl.SslProperties'
2025-10-21T19:09:55.782-04:00 DEBUG 1361712 --- [ehr] [           main] o.s.b.f.s.DefaultListableBeanFactory     : Autowiring by type from bean name 'org.springframework.boot.autoconfigure.ssl.SslAutoConfiguration' via constructor to bean named 'org.springframework.web.context.support.GenericWebApplicationContext@607b2792'
2025-10-21T19:09:55.782-04:00 DEBUG 1361712 --- [ehr] [           main] o.s.b.f.s.DefaultListableBeanFactory     : Autowiring by type from bean name 'org.springframework.boot.autoconfigure.ssl.SslAutoConfiguration' via constructor to bean named 'spring.ssl-org.springframework.boot.autoconfigure.ssl.SslProperties'
2025-10-21T19:09:55.784-04:00 DEBUG 1361712 --- [ehr] [           main] o.s.b.f.s.DefaultListableBeanFactory     : Creating shared instance of singleton bean 'fileWatcher'
2025-10-21T19:09:55.785-04:00 DEBUG 1361712 --- [ehr] [           main] o.s.b.f.s.DefaultListableBeanFactory     : Creating shared instance of singleton bean 'sslPropertiesSslBundleRegistrar'
2025-10-21T19:09:55.785-04:00 DEBUG 1361712 --- [ehr] [           main] o.s.b.f.s.DefaultListableBeanFactory     : Autowiring by type from bean name 'sslPropertiesSslBundleRegistrar' via factory method to bean named 'fileWatcher'
2025-10-21T19:09:55.786-04:00 DEBUG 1361712 --- [ehr] [           main] o.s.b.f.s.DefaultListableBeanFactory     : Creating shared instance of singleton bean 'sslBundleRegistry'
2025-10-21T19:09:55.789-04:00 DEBUG 1361712 --- [ehr] [           main] o.s.b.f.s.DefaultListableBeanFactory     : Creating shared instance of singleton bean 'org.springframework.boot.context.properties.EnableConfigurationPropertiesRegistrar.methodValidationExcludeFilter'
2025-10-21T19:09:55.790-04:00 DEBUG 1361712 --- [ehr] [           main] o.s.b.f.s.DefaultListableBeanFactory     : Creating shared instance of singleton bean 'org.springframework.boot.autoconfigure.websocket.servlet.WebSocketServletAutoConfiguration$TomcatWebSocketConfiguration'
2025-10-21T19:09:55.791-04:00 DEBUG 1361712 --- [ehr] [           main] o.s.b.f.s.DefaultListableBeanFactory     : Creating shared instance of singleton bean 'websocketServletWebServerCustomizer'
2025-10-21T19:09:55.793-04:00 DEBUG 1361712 --- [ehr] [           main] o.s.b.f.s.DefaultListableBeanFactory     : Creating shared instance of singleton bean 'org.springframework.boot.autoconfigure.websocket.servlet.WebSocketServletAutoConfiguration'
2025-10-21T19:09:55.794-04:00 DEBUG 1361712 --- [ehr] [           main] o.s.b.f.s.DefaultListableBeanFactory     : Creating shared instance of singleton bean 'org.springframework.boot.autoconfigure.web.servlet.ServletWebServerFactoryConfiguration$EmbeddedTomcat'
2025-10-21T19:09:55.794-04:00 DEBUG 1361712 --- [ehr] [           main] o.s.b.f.s.DefaultListableBeanFactory     : Creating shared instance of singleton bean 'tomcatServletWebServerFactory'
2025-10-21T19:09:55.811-04:00 DEBUG 1361712 --- [ehr] [           main] o.s.b.f.s.DefaultListableBeanFactory     : Creating shared instance of singleton bean 'servletWebServerFactoryCustomizer'
2025-10-21T19:09:55.811-04:00 DEBUG 1361712 --- [ehr] [           main] o.s.b.f.s.DefaultListableBeanFactory     : Creating shared instance of singleton bean 'org.springframework.boot.autoconfigure.web.servlet.ServletWebServerFactoryAutoConfiguration'
2025-10-21T19:09:55.813-04:00 DEBUG 1361712 --- [ehr] [           main] o.s.b.f.s.DefaultListableBeanFactory     : Creating shared instance of singleton bean 'server-org.springframework.boot.autoconfigure.web.ServerProperties'
2025-10-21T19:09:55.838-04:00 DEBUG 1361712 --- [ehr] [           main] o.s.b.f.s.DefaultListableBeanFactory     : Autowiring by type from bean name 'servletWebServerFactoryCustomizer' via factory method to bean named 'server-org.springframework.boot.autoconfigure.web.ServerProperties'
2025-10-21T19:09:55.842-04:00 DEBUG 1361712 --- [ehr] [           main] o.s.b.f.s.DefaultListableBeanFactory     : Creating shared instance of singleton bean 'tomcatServletWebServerFactoryCustomizer'
2025-10-21T19:09:55.843-04:00 DEBUG 1361712 --- [ehr] [           main] o.s.b.f.s.DefaultListableBeanFactory     : Autowiring by type from bean name 'tomcatServletWebServerFactoryCustomizer' via factory method to bean named 'server-org.springframework.boot.autoconfigure.web.ServerProperties'
2025-10-21T19:09:55.844-04:00 DEBUG 1361712 --- [ehr] [           main] o.s.b.f.s.DefaultListableBeanFactory     : Creating shared instance of singleton bean 'localeCharsetMappingsCustomizer'
2025-10-21T19:09:55.844-04:00 DEBUG 1361712 --- [ehr] [           main] o.s.b.f.s.DefaultListableBeanFactory     : Creating shared instance of singleton bean 'org.springframework.boot.autoconfigure.web.servlet.HttpEncodingAutoConfiguration'
2025-10-21T19:09:55.844-04:00 DEBUG 1361712 --- [ehr] [           main] o.s.b.f.s.DefaultListableBeanFactory     : Autowiring by type from bean name 'org.springframework.boot.autoconfigure.web.servlet.HttpEncodingAutoConfiguration' via constructor to bean named 'server-org.springframework.boot.autoconfigure.web.ServerProperties'
2025-10-21T19:09:55.853-04:00 DEBUG 1361712 --- [ehr] [           main] o.s.b.f.s.DefaultListableBeanFactory     : Creating shared instance of singleton bean 'errorPageCustomizer'
2025-10-21T19:09:55.853-04:00 DEBUG 1361712 --- [ehr] [           main] o.s.b.f.s.DefaultListableBeanFactory     : Creating shared instance of singleton bean 'org.springframework.boot.autoconfigure.web.servlet.error.ErrorMvcAutoConfiguration'
2025-10-21T19:09:55.854-04:00 DEBUG 1361712 --- [ehr] [           main] o.s.b.f.s.DefaultListableBeanFactory     : Autowiring by type from bean name 'org.springframework.boot.autoconfigure.web.servlet.error.ErrorMvcAutoConfiguration' via constructor to bean named 'server-org.springframework.boot.autoconfigure.web.ServerProperties'
2025-10-21T19:09:55.855-04:00 DEBUG 1361712 --- [ehr] [           main] o.s.b.f.s.DefaultListableBeanFactory     : Creating shared instance of singleton bean 'dispatcherServletRegistration'
2025-10-21T19:09:55.855-04:00 DEBUG 1361712 --- [ehr] [           main] o.s.b.f.s.DefaultListableBeanFactory     : Creating shared instance of singleton bean 'org.springframework.boot.autoconfigure.web.servlet.DispatcherServletAutoConfiguration$DispatcherServletRegistrationConfiguration'
2025-10-21T19:09:55.855-04:00 DEBUG 1361712 --- [ehr] [           main] o.s.b.f.s.DefaultListableBeanFactory     : Creating shared instance of singleton bean 'dispatcherServlet'
2025-10-21T19:09:55.855-04:00 DEBUG 1361712 --- [ehr] [           main] o.s.b.f.s.DefaultListableBeanFactory     : Creating shared instance of singleton bean 'org.springframework.boot.autoconfigure.web.servlet.DispatcherServletAutoConfiguration$DispatcherServletConfiguration'
2025-10-21T19:09:55.856-04:00 DEBUG 1361712 --- [ehr] [           main] o.s.b.f.s.DefaultListableBeanFactory     : Autowiring by type from bean name 'dispatcherServlet' via factory method to bean named 'spring.mvc-org.springframework.boot.autoconfigure.web.servlet.WebMvcProperties'
2025-10-21T19:09:55.864-04:00 DEBUG 1361712 --- [ehr] [           main] o.s.b.f.s.DefaultListableBeanFactory     : Autowiring by type from bean name 'dispatcherServletRegistration' via factory method to bean named 'dispatcherServlet'
2025-10-21T19:09:55.864-04:00 DEBUG 1361712 --- [ehr] [           main] o.s.b.f.s.DefaultListableBeanFactory     : Autowiring by type from bean name 'dispatcherServletRegistration' via factory method to bean named 'spring.mvc-org.springframework.boot.autoconfigure.web.servlet.WebMvcProperties'
2025-10-21T19:09:55.866-04:00 DEBUG 1361712 --- [ehr] [           main] o.s.b.f.s.DefaultListableBeanFactory     : Creating shared instance of singleton bean 'multipartConfigElement'
2025-10-21T19:09:55.866-04:00 DEBUG 1361712 --- [ehr] [           main] o.s.b.f.s.DefaultListableBeanFactory     : Creating shared instance of singleton bean 'org.springframework.boot.autoconfigure.web.servlet.MultipartAutoConfiguration'
2025-10-21T19:09:55.866-04:00 DEBUG 1361712 --- [ehr] [           main] o.s.b.f.s.DefaultListableBeanFactory     : Creating shared instance of singleton bean 'spring.servlet.multipart-org.springframework.boot.autoconfigure.web.servlet.MultipartProperties'
2025-10-21T19:09:55.869-04:00 DEBUG 1361712 --- [ehr] [           main] o.s.b.f.s.DefaultListableBeanFactory     : Autowiring by type from bean name 'org.springframework.boot.autoconfigure.web.servlet.MultipartAutoConfiguration' via constructor to bean named 'spring.servlet.multipart-org.springframework.boot.autoconfigure.web.servlet.MultipartProperties'
2025-10-21T19:09:55.871-04:00 DEBUG 1361712 --- [ehr] [           main] o.s.b.f.s.DefaultListableBeanFactory     : Autowiring by type from bean name 'errorPageCustomizer' via factory method to bean named 'dispatcherServletRegistration'
2025-10-21T19:09:55.873-04:00 DEBUG 1361712 --- [ehr] [           main] o.s.b.f.s.DefaultListableBeanFactory     : Creating shared instance of singleton bean 'org.springframework.boot.autoconfigure.web.servlet.DispatcherServletAutoConfiguration'
2025-10-21T19:09:55.873-04:00 DEBUG 1361712 --- [ehr] [           main] o.s.b.f.s.DefaultListableBeanFactory     : Creating shared instance of singleton bean 'org.springframework.boot.autoconfigure.task.TaskExecutorConfigurations$SimpleAsyncTaskExecutorBuilderConfiguration'
2025-10-21T19:09:55.874-04:00 DEBUG 1361712 --- [ehr] [           main] o.s.b.f.s.DefaultListableBeanFactory     : Autowiring by type from bean name 'org.springframework.boot.autoconfigure.task.TaskExecutorConfigurations$SimpleAsyncTaskExecutorBuilderConfiguration' via constructor to bean named 'spring.task.execution-org.springframework.boot.autoconfigure.task.TaskExecutionProperties'
2025-10-21T19:09:55.875-04:00 DEBUG 1361712 --- [ehr] [           main] o.s.b.f.s.DefaultListableBeanFactory     : Creating shared instance of singleton bean 'simpleAsyncTaskExecutorBuilder'
2025-10-21T19:09:55.877-04:00 DEBUG 1361712 --- [ehr] [           main] o.s.b.f.s.DefaultListableBeanFactory     : Creating shared instance of singleton bean 'org.springframework.boot.autoconfigure.task.TaskExecutorConfigurations$AsyncConfigurerConfiguration'
2025-10-21T19:09:55.878-04:00 DEBUG 1361712 --- [ehr] [           main] o.s.b.f.s.DefaultListableBeanFactory     : Creating shared instance of singleton bean 'applicationTaskExecutorAsyncConfigurer'
[...]
2025-10-21T19:09:55.936-04:00 DEBUG 1361712 --- [ehr] [           main] o.s.b.f.s.DefaultListableBeanFactory     : Creating shared instance of singleton bean 'org.springframework.boot.autoconfigure.web.servlet.WebMvcAutoConfiguration'
2025-10-21T19:09:55.936-04:00 DEBUG 1361712 --- [ehr] [           main] o.s.b.f.s.DefaultListableBeanFactory     : Creating shared instance of singleton bean 'formContentFilter'
2025-10-21T19:09:55.937-04:00 DEBUG 1361712 --- [ehr] [           main] o.s.b.f.s.DefaultListableBeanFactory     : Creating shared instance of singleton bean 'com.ulisesbocchio.jasyptspringbootstarter.JasyptSpringBootAutoConfiguration'
2025-10-21T19:09:55.938-04:00 DEBUG 1361712 --- [ehr] [           main] o.s.b.f.s.DefaultListableBeanFactory     : Creating shared instance of singleton bean 'org.springframework.boot.autoconfigure.aop.AopAutoConfiguration$AspectJAutoProxyingConfiguration$CglibAutoProxyConfiguration'
2025-10-21T19:09:55.938-04:00 DEBUG 1361712 --- [ehr] [           main] o.s.b.f.s.DefaultListableBeanFactory     : Creating shared instance of singleton bean 'org.springframework.boot.autoconfigure.aop.AopAutoConfiguration$AspectJAutoProxyingConfiguration'
2025-10-21T19:09:55.938-04:00 DEBUG 1361712 --- [ehr] [           main] o.s.b.f.s.DefaultListableBeanFactory     : Creating shared instance of singleton bean 'org.springframework.boot.autoconfigure.aop.AopAutoConfiguration'
2025-10-21T19:09:55.938-04:00 DEBUG 1361712 --- [ehr] [           main] o.s.b.f.s.DefaultListableBeanFactory     : Creating shared instance of singleton bean 'org.springframework.boot.autoconfigure.availability.ApplicationAvailabilityAutoConfiguration'
2025-10-21T19:09:55.938-04:00 DEBUG 1361712 --- [ehr] [           main] o.s.b.f.s.DefaultListableBeanFactory     : Creating shared instance of singleton bean 'applicationAvailability'
2025-10-21T19:09:55.939-04:00 DEBUG 1361712 --- [ehr] [           main] o.s.b.f.s.DefaultListableBeanFactory     : Creating shared instance of singleton bean 'org.springframework.boot.autoconfigure.transaction.jta.JtaAutoConfiguration'
2025-10-21T19:09:55.939-04:00 DEBUG 1361712 --- [ehr] [           main] o.s.b.f.s.DefaultListableBeanFactory     : Creating shared instance of singleton bean 'org.springframework.boot.autoconfigure.jdbc.metadata.DataSourcePoolMetadataProvidersConfiguration'
2025-10-21T19:09:55.939-04:00 DEBUG 1361712 --- [ehr] [           main] o.s.b.f.s.DefaultListableBeanFactory     : Creating shared instance of singleton bean 'org.springframework.boot.autoconfigure.jdbc.DataSourceAutoConfiguration'
2025-10-21T19:09:55.939-04:00 DEBUG 1361712 --- [ehr] [           main] o.s.b.f.s.DefaultListableBeanFactory     : Creating shared instance of singleton bean 'org.springframework.boot.autoconfigure.transaction.TransactionManagerCustomizationAutoConfiguration'
2025-10-21T19:09:55.940-04:00 DEBUG 1361712 --- [ehr] [           main] o.s.b.f.s.DefaultListableBeanFactory     : Creating shared instance of singleton bean 'platformTransactionManagerCustomizers'
2025-10-21T19:09:55.940-04:00 DEBUG 1361712 --- [ehr] [           main] o.s.b.f.s.DefaultListableBeanFactory     : Creating shared instance of singleton bean 'transactionExecutionListeners'
2025-10-21T19:09:55.941-04:00 DEBUG 1361712 --- [ehr] [           main] o.s.b.f.s.DefaultListableBeanFactory     : Creating shared instance of singleton bean 'spring.transaction-org.springframework.boot.autoconfigure.transaction.TransactionProperties'
2025-10-21T19:09:55.943-04:00 DEBUG 1361712 --- [ehr] [           main] o.s.b.f.s.DefaultListableBeanFactory     : Creating shared instance of singleton bean 'org.springframework.boot.autoconfigure.orm.jpa.JpaBaseConfiguration$PersistenceManagedTypesConfiguration'
2025-10-21T19:09:55.944-04:00 DEBUG 1361712 --- [ehr] [           main] o.s.b.f.s.DefaultListableBeanFactory     : Creating shared instance of singleton bean 'transactionManager'
2025-10-21T19:09:55.949-04:00 DEBUG 1361712 --- [ehr] [           main] o.s.b.f.s.DefaultListableBeanFactory     : Creating shared instance of singleton bean 'org.springframework.boot.autoconfigure.orm.jpa.HibernateJpaAutoConfiguration'
2025-10-21T19:09:55.949-04:00 DEBUG 1361712 --- [ehr] [           main] o.s.b.f.s.DefaultListableBeanFactory     : Creating shared instance of singleton bean 'org.springframework.boot.autoconfigure.context.ConfigurationPropertiesAutoConfiguration'
2025-10-21T19:09:55.949-04:00 DEBUG 1361712 --- [ehr] [           main] o.s.b.f.s.DefaultListableBeanFactory     : Creating shared instance of singleton bean 'org.springframework.boot.autoconfigure.context.LifecycleAutoConfiguration'
2025-10-21T19:09:55.950-04:00 DEBUG 1361712 --- [ehr] [           main] o.s.b.f.s.DefaultListableBeanFactory     : Creating shared instance of singleton bean 'lifecycleProcessor'
2025-10-21T19:09:55.950-04:00 DEBUG 1361712 --- [ehr] [           main] o.s.b.f.s.DefaultListableBeanFactory     : Creating shared instance of singleton bean 'spring.lifecycle-org.springframework.boot.autoconfigure.context.LifecycleProperties'
2025-10-21T19:09:55.950-04:00 DEBUG 1361712 --- [ehr] [           main] o.s.b.f.s.DefaultListableBeanFactory     : Autowiring by type from bean name 'lifecycleProcessor' via factory method to bean named 'spring.lifecycle-org.springframework.boot.autoconfigure.context.LifecycleProperties'
2025-10-21T19:09:55.951-04:00 DEBUG 1361712 --- [ehr] [           main] o.s.b.f.s.DefaultListableBeanFactory     : Creating shared instance of singleton bean 'org.springframework.boot.autoconfigure.dao.PersistenceExceptionTranslationAutoConfiguration'
2025-10-21T19:09:55.952-04:00 DEBUG 1361712 --- [ehr] [           main] o.s.b.f.s.DefaultListableBeanFactory     : Creating shared instance of singleton bean 'org.springframework.boot.autoconfigure.data.jpa.JpaRepositoriesAutoConfiguration'
2025-10-21T19:09:55.952-04:00 DEBUG 1361712 --- [ehr] [           main] o.s.b.f.s.DefaultListableBeanFactory     : Creating shared instance of singleton bean 'org.springframework.data.jpa.util.JpaMetamodelCacheCleanup'
2025-10-21T19:09:55.952-04:00 DEBUG 1361712 --- [ehr] [           main] o.s.b.f.s.DefaultListableBeanFactory     : Creating shared instance of singleton bean 'org.springframework.data.jpa.repository.support.JpaEvaluationContextExtension'
2025-10-21T19:09:55.953-04:00 DEBUG 1361712 --- [ehr] [           main] o.s.b.f.s.DefaultListableBeanFactory     : Creating shared instance of singleton bean 'data-jpa.repository-aot-processor#0'
2025-10-21T19:09:55.955-04:00 DEBUG 1361712 --- [ehr] [           main] o.s.b.f.s.DefaultListableBeanFactory     : Creating shared instance of singleton bean 'org.springframework.boot.autoconfigure.http.JacksonHttpMessageConvertersConfiguration'
2025-10-21T19:09:55.955-04:00 DEBUG 1361712 --- [ehr] [           main] o.s.b.f.s.DefaultListableBeanFactory     : Creating shared instance of singleton bean 'org.springframework.data.web.config.ProjectingArgumentResolverRegistrar'
2025-10-21T19:09:55.956-04:00 DEBUG 1361712 --- [ehr] [           main] o.s.b.f.s.DefaultListableBeanFactory     : Creating shared instance of singleton bean 'offsetResolver'
2025-10-21T19:09:55.957-04:00 DEBUG 1361712 --- [ehr] [           main] o.s.b.f.s.DefaultListableBeanFactory     : Creating shared instance of singleton bean 'org.springframework.boot.autoconfigure.http.client.HttpClientAutoConfiguration'
2025-10-21T19:09:55.957-04:00 DEBUG 1361712 --- [ehr] [           main] o.s.b.f.s.DefaultListableBeanFactory     : Creating shared instance of singleton bean 'spring.http.client-org.springframework.boot.autoconfigure.http.client.HttpClientProperties'
2025-10-21T19:09:55.958-04:00 DEBUG 1361712 --- [ehr] [           main] o.s.b.f.s.DefaultListableBeanFactory     : Autowiring by type from bean name 'org.springframework.boot.autoconfigure.http.client.HttpClientAutoConfiguration' via constructor to bean named 'spring.http.client-org.springframework.boot.autoconfigure.http.client.HttpClientProperties'
2025-10-21T19:09:55.959-04:00 DEBUG 1361712 --- [ehr] [           main] o.s.b.f.s.DefaultListableBeanFactory     : Creating shared instance of singleton bean 'clientHttpRequestFactoryBuilder'
2025-10-21T19:09:55.963-04:00 DEBUG 1361712 --- [ehr] [           main] o.s.b.f.s.DefaultListableBeanFactory     : Creating shared instance of singleton bean 'clientHttpRequestFactorySettings'
2025-10-21T19:09:55.965-04:00 DEBUG 1361712 --- [ehr] [           main] o.s.b.f.s.DefaultListableBeanFactory     : Creating shared instance of singleton bean 'org.springframework.boot.autoconfigure.info.ProjectInfoAutoConfiguration'
2025-10-21T19:09:55.967-04:00 DEBUG 1361712 --- [ehr] [           main] o.s.b.f.s.DefaultListableBeanFactory     : Creating shared instance of singleton bean 'spring.info-org.springframework.boot.autoconfigure.info.ProjectInfoProperties'
2025-10-21T19:09:55.967-04:00 DEBUG 1361712 --- [ehr] [           main] o.s.b.f.s.DefaultListableBeanFactory     : Autowiring by type from bean name 'org.springframework.boot.autoconfigure.info.ProjectInfoAutoConfiguration' via constructor to bean named 'spring.info-org.springframework.boot.autoconfigure.info.ProjectInfoProperties'
2025-10-21T19:09:55.968-04:00 DEBUG 1361712 --- [ehr] [           main] o.s.b.f.s.DefaultListableBeanFactory     : Creating shared instance of singleton bean 'org.springframework.boot.autoconfigure.jdbc.JdbcTemplateConfiguration'
2025-10-21T19:09:55.968-04:00 DEBUG 1361712 --- [ehr] [           main] o.s.b.f.s.DefaultListableBeanFactory     : Creating shared instance of singleton bean 'jdbcTemplate'
2025-10-21T19:09:55.968-04:00 DEBUG 1361712 --- [ehr] [           main] o.s.b.f.s.DefaultListableBeanFactory     : Creating shared instance of singleton bean 'spring.jdbc-org.springframework.boot.autoconfigure.jdbc.JdbcProperties'
2025-10-21T19:09:55.969-04:00 DEBUG 1361712 --- [ehr] [           main] o.s.b.f.s.DefaultListableBeanFactory     : Autowiring by type from bean name 'jdbcTemplate' via factory method to bean named 'dataSource'
2025-10-21T19:09:55.969-04:00 DEBUG 1361712 --- [ehr] [           main] o.s.b.f.s.DefaultListableBeanFactory     : Autowiring by type from bean name 'jdbcTemplate' via factory method to bean named 'spring.jdbc-org.springframework.boot.autoconfigure.jdbc.JdbcProperties'
2025-10-21T19:09:55.972-04:00 DEBUG 1361712 --- [ehr] [           main] o.s.b.f.s.DefaultListableBeanFactory     : Creating shared instance of singleton bean 'org.springframework.boot.autoconfigure.jdbc.NamedParameterJdbcTemplateConfiguration'
2025-10-21T19:09:55.972-04:00 DEBUG 1361712 --- [ehr] [           main] o.s.b.f.s.DefaultListableBeanFactory     : Creating shared instance of singleton bean 'namedParameterJdbcTemplate'
2025-10-21T19:09:55.972-04:00 DEBUG 1361712 --- [ehr] [           main] o.s.b.f.s.DefaultListableBeanFactory     : Autowiring by type from bean name 'namedParameterJdbcTemplate' via factory method to bean named 'jdbcTemplate'
2025-10-21T19:09:55.974-04:00 DEBUG 1361712 --- [ehr] [           main] o.s.b.f.s.DefaultListableBeanFactory     : Creating shared instance of singleton bean 'org.springframework.boot.autoconfigure.jdbc.JdbcTemplateAutoConfiguration'
2025-10-21T19:09:55.974-04:00 DEBUG 1361712 --- [ehr] [           main] o.s.b.f.s.DefaultListableBeanFactory     : Creating shared instance of singleton bean 'org.springframework.boot.autoconfigure.jdbc.JdbcClientAutoConfiguration'
2025-10-21T19:09:55.974-04:00 DEBUG 1361712 --- [ehr] [           main] o.s.b.f.s.DefaultListableBeanFactory     : Creating shared instance of singleton bean 'jdbcClient'
2025-10-21T19:09:55.974-04:00 DEBUG 1361712 --- [ehr] [           main] o.s.b.f.s.DefaultListableBeanFactory     : Autowiring by type from bean name 'jdbcClient' via factory method to bean named 'namedParameterJdbcTemplate'
2025-10-21T19:09:55.975-04:00 DEBUG 1361712 --- [ehr] [           main] o.s.b.f.s.DefaultListableBeanFactory     : Creating shared instance of singleton bean 'org.springframework.boot.autoconfigure.security.servlet.SpringBootWebSecurityConfiguration'
2025-10-21T19:09:55.975-04:00 DEBUG 1361712 --- [ehr] [           main] o.s.b.f.s.DefaultListableBeanFactory     : Creating shared instance of singleton bean 'org.springframework.boot.autoconfigure.security.servlet.SecurityFilterAutoConfiguration'
2025-10-21T19:09:55.975-04:00 DEBUG 1361712 --- [ehr] [           main] o.s.b.f.s.DefaultListableBeanFactory     : Creating shared instance of singleton bean 'securityFilterChainRegistration'
2025-10-21T19:09:55.975-04:00 DEBUG 1361712 --- [ehr] [           main] o.s.b.f.s.DefaultListableBeanFactory     : Autowiring by type from bean name 'securityFilterChainRegistration' via factory method to bean named 'spring.security-org.springframework.boot.autoconfigure.security.SecurityProperties'
2025-10-21T19:09:55.977-04:00 DEBUG 1361712 --- [ehr] [           main] o.s.b.f.s.DefaultListableBeanFactory     : Creating shared instance of singleton bean 'org.springframework.boot.autoconfigure.sql.init.SqlInitializationAutoConfiguration'
2025-10-21T19:09:55.977-04:00 DEBUG 1361712 --- [ehr] [           main] o.s.b.f.s.DefaultListableBeanFactory     : Creating shared instance of singleton bean 'org.springframework.boot.autoconfigure.task.TaskSchedulingConfigurations$ThreadPoolTaskSchedulerBuilderConfiguration'
2025-10-21T19:09:55.977-04:00 DEBUG 1361712 --- [ehr] [           main] o.s.b.f.s.DefaultListableBeanFactory     : Creating shared instance of singleton bean 'threadPoolTaskSchedulerBuilder'
2025-10-21T19:09:55.977-04:00 DEBUG 1361712 --- [ehr] [           main] o.s.b.f.s.DefaultListableBeanFactory     : Creating shared instance of singleton bean 'spring.task.scheduling-org.springframework.boot.autoconfigure.task.TaskSchedulingProperties'
2025-10-21T19:09:55.978-04:00 DEBUG 1361712 --- [ehr] [           main] o.s.b.f.s.DefaultListableBeanFactory     : Autowiring by type from bean name 'threadPoolTaskSchedulerBuilder' via factory method to bean named 'spring.task.scheduling-org.springframework.boot.autoconfigure.task.TaskSchedulingProperties'
2025-10-21T19:09:55.979-04:00 DEBUG 1361712 --- [ehr] [           main] o.s.b.f.s.DefaultListableBeanFactory     : Creating shared instance of singleton bean 'org.springframework.boot.autoconfigure.task.TaskSchedulingConfigurations$SimpleAsyncTaskSchedulerBuilderConfiguration'
2025-10-21T19:09:55.979-04:00 DEBUG 1361712 --- [ehr] [           main] o.s.b.f.s.DefaultListableBeanFactory     : Autowiring by type from bean name 'org.springframework.boot.autoconfigure.task.TaskSchedulingConfigurations$SimpleAsyncTaskSchedulerBuilderConfiguration' via constructor to bean named 'spring.task.scheduling-org.springframework.boot.autoconfigure.task.TaskSchedulingProperties'
2025-10-21T19:09:55.979-04:00 DEBUG 1361712 --- [ehr] [           main] o.s.b.f.s.DefaultListableBeanFactory     : Creating shared instance of singleton bean 'simpleAsyncTaskSchedulerBuilder'
2025-10-21T19:09:55.980-04:00 DEBUG 1361712 --- [ehr] [           main] o.s.b.f.s.DefaultListableBeanFactory     : Creating shared instance of singleton bean 'org.springframework.boot.autoconfigure.task.TaskSchedulingAutoConfiguration'
2025-10-21T19:09:55.981-04:00 DEBUG 1361712 --- [ehr] [           main] o.s.b.f.s.DefaultListableBeanFactory     : Creating shared instance of singleton bean 'org.springframework.boot.autoconfigure.jdbc.DataSourceTransactionManagerAutoConfiguration$JdbcTransactionManagerConfiguration'
2025-10-21T19:09:55.981-04:00 DEBUG 1361712 --- [ehr] [           main] o.s.b.f.s.DefaultListableBeanFactory     : Creating shared instance of singleton bean 'org.springframework.boot.autoconfigure.jdbc.DataSourceTransactionManagerAutoConfiguration'
2025-10-21T19:09:55.981-04:00 DEBUG 1361712 --- [ehr] [           main] o.s.b.f.s.DefaultListableBeanFactory     : Creating shared instance of singleton bean 'org.springframework.boot.autoconfigure.transaction.TransactionAutoConfiguration$EnableTransactionManagementConfiguration$CglibAutoProxyConfiguration'
2025-10-21T19:09:55.981-04:00 DEBUG 1361712 --- [ehr] [           main] o.s.b.f.s.DefaultListableBeanFactory     : Creating shared instance of singleton bean 'org.springframework.boot.autoconfigure.transaction.TransactionAutoConfiguration$EnableTransactionManagementConfiguration'
2025-10-21T19:09:55.981-04:00 DEBUG 1361712 --- [ehr] [           main] o.s.b.f.s.DefaultListableBeanFactory     : Creating shared instance of singleton bean 'org.springframework.boot.autoconfigure.transaction.TransactionAutoConfiguration$TransactionTemplateConfiguration'
2025-10-21T19:09:55.981-04:00 DEBUG 1361712 --- [ehr] [           main] o.s.b.f.s.DefaultListableBeanFactory     : Creating shared instance of singleton bean 'transactionTemplate'
2025-10-21T19:09:55.981-04:00 DEBUG 1361712 --- [ehr] [           main] o.s.b.f.s.DefaultListableBeanFactory     : Autowiring by type from bean name 'transactionTemplate' via factory method to bean named 'transactionManager'
2025-10-21T19:09:55.982-04:00 DEBUG 1361712 --- [ehr] [           main] o.s.b.f.s.DefaultListableBeanFactory     : Creating shared instance of singleton bean 'org.springframework.boot.autoconfigure.transaction.TransactionAutoConfiguration'
2025-10-21T19:09:55.982-04:00 DEBUG 1361712 --- [ehr] [           main] o.s.b.f.s.DefaultListableBeanFactory     : Creating shared instance of singleton bean 'org.springframework.boot.autoconfigure.web.client.RestClientAutoConfiguration'
2025-10-21T19:09:55.982-04:00 DEBUG 1361712 --- [ehr] [           main] o.s.b.f.s.DefaultListableBeanFactory     : Creating shared instance of singleton bean 'httpMessageConvertersRestClientCustomizer'
2025-10-21T19:09:55.983-04:00 DEBUG 1361712 --- [ehr] [           main] o.s.b.f.s.DefaultListableBeanFactory     : Creating shared instance of singleton bean 'restClientSsl'
2025-10-21T19:09:55.983-04:00 DEBUG 1361712 --- [ehr] [           main] o.s.b.f.s.DefaultListableBeanFactory     : Autowiring by type from bean name 'restClientSsl' via factory method to bean named 'sslBundleRegistry'
2025-10-21T19:09:55.984-04:00 DEBUG 1361712 --- [ehr] [           main] o.s.b.f.s.DefaultListableBeanFactory     : Creating shared instance of singleton bean 'restClientBuilderConfigurer'
2025-10-21T19:09:55.985-04:00 DEBUG 1361712 --- [ehr] [           main] o.s.b.f.s.DefaultListableBeanFactory     : Creating shared instance of singleton bean 'org.springframework.boot.autoconfigure.web.client.RestTemplateAutoConfiguration'
2025-10-21T19:09:55.985-04:00 DEBUG 1361712 --- [ehr] [           main] o.s.b.f.s.DefaultListableBeanFactory     : Creating shared instance of singleton bean 'characterEncodingFilter'
2025-10-21T19:09:55.985-04:00 DEBUG 1361712 --- [ehr] [           main] o.s.b.f.s.DefaultListableBeanFactory     : Creating shared instance of singleton bean 'multipartResolver'
2025-10-21T19:09:55.996-04:00  INFO 1361712 --- [ehr] [           main] c.ehr_project.ehr.EhrApplicationTests    : Started EhrApplicationTests in 2.428 seconds (process running for 2.914)
]]></system-out>
    <system-err><![CDATA[Mockito is currently self-attaching to enable the inline-mock-maker. This will no longer work in future releases of the JDK. Please add Mockito as an agent to your build as described in Mockito's documentation: https://javadoc.io/doc/org.mockito/mockito-core/latest/org.mockito/org/mockito/Mockito.html#0.3
WARNING: A Java agent has been loaded dynamically (/home/chance/.m2/repository/net/bytebuddy/byte-buddy-agent/1.17.6/byte-buddy-agent-1.17.6.jar)
WARNING: If a serviceability tool is in use, please run with -XX:+EnableDynamicAgentLoading to hide this warning
WARNING: If a serviceability tool is not in use, please run with -Djdk.instrument.traceUsage for more information
WARNING: Dynamic loading of agents will be disallowed by default in a future release
]]></system-err>
  </testcase>
</testsuite>